TN:
SF:server/src/database.ts
FN:22,initializeDatabase
FNF:1
FNH:0
FNDA:0,initializeDatabase
DA:6,0
DA:7,0
DA:10,0
DA:23,0
DA:24,0
DA:25,0
DA:28,0
DA:29,0
LF:8
LH:0
BRF:0
BRH:0
end_of_record
TN:
SF:server/src/index.ts
FN:39,(anonymous_0)
FN:64,(anonymous_1)
FN:110,(anonymous_2)
FN:135,(anonymous_3)
FN:183,(anonymous_4)
FN:191,(anonymous_5)
FN:216,(anonymous_6)
FN:235,(anonymous_7)
FN:251,(anonymous_8)
FN:274,(anonymous_9)
FN:291,(anonymous_10)
FN:306,(anonymous_11)
FN:327,(anonymous_12)
FN:345,(anonymous_13)
FN:371,(anonymous_14)
FN:392,initializeServices
FN:435,(anonymous_16)
FN:438,(anonymous_17)
FN:461,(anonymous_18)
FN:477,(anonymous_19)
FN:483,(anonymous_20)
FNF:21
FNH:0
FNDA:0,(anonymous_0)
FNDA:0,(anonymous_1)
FNDA:0,(anonymous_2)
FNDA:0,(anonymous_3)
FNDA:0,(anonymous_4)
FNDA:0,(anonymous_5)
FNDA:0,(anonymous_6)
FNDA:0,(anonymous_7)
FNDA:0,(anonymous_8)
FNDA:0,(anonymous_9)
FNDA:0,(anonymous_10)
FNDA:0,(anonymous_11)
FNDA:0,(anonymous_12)
FNDA:0,(anonymous_13)
FNDA:0,(anonymous_14)
FNDA:0,initializeServices
FNDA:0,(anonymous_16)
FNDA:0,(anonymous_17)
FNDA:0,(anonymous_18)
FNDA:0,(anonymous_19)
FNDA:0,(anonymous_20)
DA:11,0
DA:12,0
DA:29,0
DA:31,0
DA:33,0
DA:37,0
DA:39,0
DA:40,0
DA:41,0
DA:43,0
DA:44,0
DA:45,0
DA:46,0
DA:47,0
DA:56,0
DA:59,0
DA:62,0
DA:64,0
DA:65,0
DA:66,0
DA:67,0
DA:68,0
DA:69,0
DA:70,0
DA:75,0
DA:76,0
DA:77,0
DA:78,0
DA:79,0
DA:81,0
DA:83,0
DA:85,0
DA:86,0
DA:88,0
DA:89,0
DA:93,0
DA:94,0
DA:95,0
DA:96,0
DA:97,0
DA:100,0
DA:105,0
DA:106,0
DA:110,0
DA:111,0
DA:112,0
DA:114,0
DA:115,0
DA:116,0
DA:117,0
DA:118,0
DA:127,0
DA:130,0
DA:133,0
DA:135,0
DA:136,0
DA:137,0
DA:138,0
DA:139,0
DA:140,0
DA:141,0
DA:146,0
DA:147,0
DA:148,0
DA:149,0
DA:150,0
DA:152,0
DA:154,0
DA:156,0
DA:157,0
DA:159,0
DA:160,0
DA:164,0
DA:165,0
DA:166,0
DA:167,0
DA:168,0
DA:171,0
DA:176,0
DA:177,0
DA:181,0
DA:184,0
DA:185,0
DA:189,0
DA:192,0
DA:193,0
DA:197,0
DA:199,0
DA:200,0
DA:201,0
DA:204,0
DA:207,0
DA:209,0
DA:216,0
DA:217,0
DA:218,0
DA:219,0
DA:220,0
DA:221,0
DA:226,0
DA:229,0
DA:230,0
DA:232,0
DA:235,0
DA:236,0
DA:237,0
DA:238,0
DA:241,0
DA:242,0
DA:244,0
DA:247,0
DA:248,0
DA:249,0
DA:251,0
DA:252,0
DA:253,0
DA:254,0
DA:255,0
DA:257,0
DA:258,0
DA:267,0
DA:270,0
DA:271,0
DA:274,0
DA:275,0
DA:276,0
DA:277,0
DA:278,0
DA:280,0
DA:281,0
DA:282,0
DA:284,0
DA:287,0
DA:288,0
DA:291,0
DA:292,0
DA:293,0
DA:294,0
DA:295,0
DA:297,0
DA:298,0
DA:299,0
DA:302,0
DA:303,0
DA:306,0
DA:307,0
DA:308,0
DA:309,0
DA:310,0
DA:312,0
DA:313,0
DA:320,0
DA:323,0
DA:324,0
DA:327,0
DA:328,0
DA:329,0
DA:330,0
DA:331,0
DA:333,0
DA:334,0
DA:335,0
DA:336,0
DA:338,0
DA:341,0
DA:342,0
DA:345,0
DA:346,0
DA:347,0
DA:348,0
DA:349,0
DA:363,0
DA:364,0
DA:367,0
DA:368,0
DA:371,0
DA:372,0
DA:373,0
DA:374,0
DA:375,0
DA:377,0
DA:378,0
DA:379,0
DA:382,0
DA:383,0
DA:386,0
DA:393,0
DA:394,0
DA:395,0
DA:396,0
DA:397,0
DA:398,0
DA:400,0
DA:401,0
DA:402,0
DA:403,0
DA:404,0
DA:407,0
DA:409,0
DA:410,0
DA:411,0
DA:412,0
DA:413,0
DA:414,0
DA:415,0
DA:416,0
DA:417,0
DA:418,0
DA:419,0
DA:420,0
DA:421,0
DA:422,0
DA:423,0
DA:424,0
DA:425,0
DA:426,0
DA:427,0
DA:428,0
DA:431,0
DA:435,0
DA:436,0
DA:438,0
DA:439,0
DA:440,0
DA:441,0
DA:442,0
DA:443,0
DA:444,0
DA:446,0
DA:447,0
DA:448,0
DA:451,0
DA:452,0
DA:456,0
DA:457,0
DA:461,0
DA:462,0
DA:463,0
DA:464,0
DA:465,0
DA:467,0
DA:468,0
DA:469,0
DA:470,0
DA:473,0
DA:477,0
DA:478,0
DA:482,0
DA:483,0
DA:484,0
DA:486,0
LF:251
LH:0
BRDA:34,0,0,0
BRDA:34,0,1,0
BRDA:45,1,0,0
BRDA:45,1,1,0
BRDA:62,2,0,0
BRDA:62,2,1,0
BRDA:69,3,0,0
BRDA:69,3,1,0
BRDA:78,4,0,0
BRDA:78,4,1,0
BRDA:85,5,0,0
BRDA:85,5,1,0
BRDA:88,6,0,0
BRDA:88,6,1,0
BRDA:96,7,0,0
BRDA:96,7,1,0
BRDA:116,8,0,0
BRDA:116,8,1,0
BRDA:133,9,0,0
BRDA:133,9,1,0
BRDA:140,10,0,0
BRDA:140,10,1,0
BRDA:149,11,0,0
BRDA:149,11,1,0
BRDA:156,12,0,0
BRDA:156,12,1,0
BRDA:159,13,0,0
BRDA:159,13,1,0
BRDA:167,14,0,0
BRDA:167,14,1,0
BRDA:184,15,0,0
BRDA:184,15,1,0
BRDA:184,16,0,0
BRDA:184,16,1,0
BRDA:184,16,2,0
BRDA:192,17,0,0
BRDA:192,17,1,0
BRDA:192,18,0,0
BRDA:192,18,1,0
BRDA:192,18,2,0
BRDA:200,19,0,0
BRDA:200,19,1,0
BRDA:211,20,0,0
BRDA:211,20,1,0
BRDA:254,21,0,0
BRDA:254,21,1,0
BRDA:260,22,0,0
BRDA:260,22,1,0
BRDA:261,23,0,0
BRDA:261,23,1,0
BRDA:263,24,0,0
BRDA:263,24,1,0
BRDA:264,25,0,0
BRDA:264,25,1,0
BRDA:265,26,0,0
BRDA:265,26,1,0
BRDA:277,27,0,0
BRDA:277,27,1,0
BRDA:281,28,0,0
BRDA:281,28,1,0
BRDA:294,29,0,0
BRDA:294,29,1,0
BRDA:297,30,0,0
BRDA:309,31,0,0
BRDA:309,31,1,0
BRDA:315,32,0,0
BRDA:315,32,1,0
BRDA:316,33,0,0
BRDA:316,33,1,0
BRDA:317,34,0,0
BRDA:317,34,1,0
BRDA:318,35,0,0
BRDA:318,35,1,0
BRDA:330,36,0,0
BRDA:330,36,1,0
BRDA:348,37,0,0
BRDA:348,37,1,0
BRDA:374,38,0,0
BRDA:374,38,1,0
BRDA:397,39,0,0
BRDA:397,39,1,0
BRDA:402,40,0,0
BRDA:402,40,1,0
BRDA:439,41,0,0
BRDA:442,42,0,0
BRDA:442,42,1,0
BRDA:444,43,0,0
BRDA:444,43,1,0
BRDA:462,44,0,0
BRDA:465,45,0,0
BRDA:465,45,1,0
BRDA:469,46,0,0
BRDA:469,46,1,0
BRDA:482,47,0,0
BRDA:482,47,1,0
BRF:95
BRH:0
end_of_record
TN:
SF:server/src/testVisitorRoutes.ts
FN:1,addTestVisitorRoute
FN:4,(anonymous_1)
FNF:2
FNH:0
FNDA:0,addTestVisitorRoute
FNDA:0,(anonymous_1)
DA:2,0
DA:4,0
DA:5,0
DA:6,0
DA:7,0
DA:8,0
DA:9,0
DA:10,0
DA:24,0
DA:25,0
DA:31,0
LF:11
LH:0
BRDA:27,0,0,0
BRDA:27,0,1,0
BRF:2
BRH:0
end_of_record
TN:
SF:server/src/auth/index.ts
FN:7,seedDefaultUsers
FN:75,(anonymous_1)
FN:79,(anonymous_2)
FN:97,(anonymous_3)
FN:110,(anonymous_4)
FN:113,(anonymous_5)
FN:116,(anonymous_6)
FN:162,(anonymous_7)
FN:206,(anonymous_8)
FN:235,(anonymous_9)
FN:244,(anonymous_10)
FN:260,(anonymous_11)
FN:282,(anonymous_12)
FN:299,(anonymous_13)
FNF:14
FNH:0
FNDA:0,seedDefaultUsers
FNDA:0,(anonymous_1)
FNDA:0,(anonymous_2)
FNDA:0,(anonymous_3)
FNDA:0,(anonymous_4)
FNDA:0,(anonymous_5)
FNDA:0,(anonymous_6)
FNDA:0,(anonymous_7)
FNDA:0,(anonymous_8)
FNDA:0,(anonymous_9)
FNDA:0,(anonymous_10)
FNDA:0,(anonymous_11)
FNDA:0,(anonymous_12)
FNDA:0,(anonymous_13)
DA:8,0
DA:9,0
DA:11,0
DA:12,0
DA:13,0
DA:14,0
DA:16,0
DA:17,0
DA:18,0
DA:19,0
DA:20,0
DA:21,0
DA:23,0
DA:24,0
DA:25,0
DA:32,0
DA:33,0
DA:34,0
DA:41,0
DA:42,0
DA:43,0
DA:56,0
DA:69,0
DA:72,0
DA:75,0
DA:76,0
DA:80,0
DA:85,0
DA:86,0
DA:93,0
DA:94,0
DA:98,0
DA:99,0
DA:103,0
DA:106,0
DA:107,0
DA:111,0
DA:114,0
DA:117,0
DA:118,0
DA:119,0
DA:121,0
DA:122,0
DA:123,0
DA:128,0
DA:129,0
DA:130,0
DA:131,0
DA:134,0
DA:135,0
DA:136,0
DA:146,0
DA:147,0
DA:148,0
DA:149,0
DA:155,0
DA:158,0
DA:159,0
DA:163,0
DA:164,0
DA:165,0
DA:167,0
DA:171,0
DA:172,0
DA:174,0
DA:175,0
DA:176,0
DA:178,0
DA:179,0
DA:180,0
DA:182,0
DA:192,0
DA:193,0
DA:194,0
DA:195,0
DA:202,0
DA:203,0
DA:207,0
DA:208,0
DA:209,0
DA:211,0
DA:215,0
DA:216,0
DA:218,0
DA:219,0
DA:231,0
DA:232,0
DA:236,0
DA:237,0
DA:238,0
DA:240,0
DA:244,0
DA:256,0
DA:257,0
DA:261,0
DA:262,0
DA:263,0
DA:265,0
DA:266,0
DA:267,0
DA:269,0
DA:270,0
DA:271,0
DA:272,0
DA:274,0
DA:275,0
DA:278,0
DA:279,0
DA:283,0
DA:284,0
DA:285,0
DA:287,0
DA:288,0
DA:289,0
DA:291,0
DA:292,0
DA:295,0
DA:296,0
DA:300,0
DA:301,0
DA:302,0
DA:304,0
DA:305,0
DA:306,0
DA:308,0
DA:309,0
DA:310,0
DA:311,0
DA:313,0
DA:314,0
DA:315,0
DA:316,0
DA:319,0
DA:320,0
DA:324,0
LF:135
LH:0
BRDA:8,0,0,0
BRDA:8,0,1,0
BRDA:12,1,0,0
BRDA:12,1,1,0
BRDA:19,2,0,0
BRDA:19,2,1,0
BRDA:24,3,0,0
BRDA:24,3,1,0
BRDA:33,4,0,0
BRDA:33,4,1,0
BRDA:118,5,0,0
BRDA:118,5,1,0
BRDA:122,6,0,0
BRDA:122,6,1,0
BRDA:122,7,0,0
BRDA:122,7,1,0
BRDA:129,8,0,0
BRDA:129,8,1,0
BRDA:130,9,0,0
BRDA:130,9,1,0
BRDA:130,10,0,0
BRDA:130,10,1,0
BRDA:134,11,0,0
BRDA:134,11,1,0
BRDA:134,12,0,0
BRDA:134,12,1,0
BRDA:141,13,0,0
BRDA:141,13,1,0
BRDA:164,14,0,0
BRDA:164,14,1,0
BRDA:171,15,0,0
BRDA:171,15,1,0
BRDA:171,16,0,0
BRDA:171,16,1,0
BRDA:175,17,0,0
BRDA:175,17,1,0
BRDA:179,18,0,0
BRDA:179,18,1,0
BRDA:187,19,0,0
BRDA:187,19,1,0
BRDA:208,20,0,0
BRDA:208,20,1,0
BRDA:215,21,0,0
BRDA:215,21,1,0
BRDA:215,22,0,0
BRDA:215,22,1,0
BRDA:223,23,0,0
BRDA:223,23,1,0
BRDA:237,24,0,0
BRDA:237,24,1,0
BRDA:248,25,0,0
BRDA:248,25,1,0
BRDA:262,26,0,0
BRDA:262,26,1,0
BRDA:266,27,0,0
BRDA:266,27,1,0
BRDA:266,28,0,0
BRDA:266,28,1,0
BRDA:270,29,0,0
BRDA:270,29,1,0
BRDA:284,30,0,0
BRDA:284,30,1,0
BRDA:288,31,0,0
BRDA:288,31,1,0
BRDA:288,32,0,0
BRDA:288,32,1,0
BRDA:301,33,0,0
BRDA:301,33,1,0
BRDA:305,34,0,0
BRDA:305,34,1,0
BRDA:305,35,0,0
BRDA:305,35,1,0
BRDA:310,36,0,0
BRDA:310,36,1,0
BRF:74
BRH:0
end_of_record
TN:
SF:server/src/config/detectionConfig.ts
FN:5,loadDetectionConfig
FNF:1
FNH:0
FNDA:0,loadDetectionConfig
DA:2,0
DA:6,0
LF:2
LH:0
BRF:0
BRH:0
end_of_record
TN:
SF:server/src/config/index.ts
FN:10,getOpenCVServiceUrl
FN:13,convertLegacyCameraConfig
FN:84,(anonymous_2)
FN:88,(anonymous_3)
FN:99,(anonymous_4)
FN:133,(anonymous_5)
FN:134,(anonymous_6)
FN:136,(anonymous_7)
FN:153,(anonymous_8)
FN:159,(anonymous_9)
FN:165,(anonymous_10)
FN:182,(anonymous_11)
FNF:12
FNH:0
FNDA:0,getOpenCVServiceUrl
FNDA:0,convertLegacyCameraConfig
FNDA:0,(anonymous_2)
FNDA:0,(anonymous_3)
FNDA:0,(anonymous_4)
FNDA:0,(anonymous_5)
FNDA:0,(anonymous_6)
FNDA:0,(anonymous_7)
FNDA:0,(anonymous_8)
FNDA:0,(anonymous_9)
FNDA:0,(anonymous_10)
FNDA:0,(anonymous_11)
DA:6,0
DA:7,0
DA:9,0
DA:11,0
DA:14,0
DA:63,0
DA:85,0
DA:86,0
DA:87,0
DA:88,0
DA:89,0
DA:90,0
DA:92,0
DA:95,0
DA:96,0
DA:97,0
DA:98,0
DA:99,0
DA:100,0
DA:101,0
DA:103,0
DA:106,0
DA:109,0
DA:110,0
DA:133,0
DA:134,0
DA:136,0
DA:137,0
DA:138,0
DA:139,0
DA:140,0
DA:141,0
DA:143,0
DA:144,0
DA:146,0
DA:147,0
DA:150,0
DA:153,0
DA:154,0
DA:155,0
DA:156,0
DA:157,0
DA:159,0
DA:160,0
DA:161,0
DA:162,0
DA:163,0
DA:165,0
DA:166,0
DA:167,0
DA:169,0
DA:170,0
DA:172,0
DA:173,0
DA:175,0
DA:176,0
DA:179,0
DA:182,0
DA:183,0
DA:184,0
DA:185,0
DA:188,0
LF:62
LH:0
BRDA:11,0,0,0
BRDA:11,0,1,0
BRDA:22,1,0,0
BRDA:22,1,1,0
BRDA:23,2,0,0
BRDA:23,2,1,0
BRDA:24,3,0,0
BRDA:24,3,1,0
BRDA:59,4,0,0
BRDA:59,4,1,0
BRDA:64,5,0,0
BRDA:64,5,1,0
BRDA:65,6,0,0
BRDA:65,6,1,0
BRDA:66,7,0,0
BRDA:66,7,1,0
BRDA:66,7,2,0
BRDA:67,8,0,0
BRDA:67,8,1,0
BRDA:69,9,0,0
BRDA:69,9,1,0
BRDA:70,10,0,0
BRDA:70,10,1,0
BRDA:71,11,0,0
BRDA:71,11,1,0
BRDA:72,12,0,0
BRDA:72,12,1,0
BRDA:78,13,0,0
BRDA:78,13,1,0
BRDA:79,14,0,0
BRDA:79,14,1,0
BRDA:82,15,0,0
BRDA:82,15,1,0
BRDA:86,16,0,0
BRDA:86,16,1,0
BRDA:89,17,0,0
BRDA:89,17,1,0
BRDA:89,18,0,0
BRDA:89,18,1,0
BRDA:96,19,0,0
BRDA:96,19,1,0
BRDA:100,20,0,0
BRDA:100,20,1,0
BRDA:100,21,0,0
BRDA:100,21,1,0
BRDA:114,22,0,0
BRDA:114,22,1,0
BRDA:115,23,0,0
BRDA:115,23,1,0
BRDA:116,24,0,0
BRDA:116,24,1,0
BRDA:117,25,0,0
BRDA:117,25,1,0
BRDA:118,26,0,0
BRDA:118,26,1,0
BRDA:121,27,0,0
BRDA:121,27,1,0
BRDA:122,28,0,0
BRDA:122,28,1,0
BRDA:123,29,0,0
BRDA:123,29,1,0
BRDA:124,30,0,0
BRDA:124,30,1,0
BRDA:125,31,0,0
BRDA:125,31,1,0
BRDA:130,32,0,0
BRDA:130,32,1,0
BRDA:136,33,0,0
BRDA:140,34,0,0
BRDA:140,34,1,0
BRDA:143,35,0,0
BRDA:143,35,1,0
BRDA:146,36,0,0
BRDA:146,36,1,0
BRDA:153,37,0,0
BRDA:165,38,0,0
BRDA:166,39,0,0
BRDA:166,39,1,0
BRDA:169,40,0,0
BRDA:169,40,1,0
BRDA:172,41,0,0
BRDA:172,41,1,0
BRDA:175,42,0,0
BRDA:175,42,1,0
BRDA:183,43,0,0
BRDA:183,43,1,0
BRDA:183,44,0,0
BRDA:183,44,1,0
BRDA:184,45,0,0
BRDA:184,45,1,0
BRF:90
BRH:0
end_of_record
TN:
SF:server/src/config/performance.ts
FNF:0
FNH:0
DA:2,0
LF:1
LH:0
BRDA:4,0,0,0
BRDA:4,0,1,0
BRDA:5,1,0,0
BRDA:5,1,1,0
BRDA:6,2,0,0
BRDA:6,2,1,0
BRDA:10,3,0,0
BRDA:10,3,1,0
BRDA:14,4,0,0
BRDA:14,4,1,0
BRDA:18,5,0,0
BRDA:18,5,1,0
BRDA:22,6,0,0
BRDA:22,6,1,0
BRDA:25,7,0,0
BRDA:25,7,1,0
BRDA:26,8,0,0
BRDA:26,8,1,0
BRDA:29,9,0,0
BRDA:29,9,1,0
BRDA:31,10,0,0
BRDA:31,10,1,0
BRDA:32,11,0,0
BRDA:32,11,1,0
BRDA:37,12,0,0
BRDA:37,12,1,0
BRDA:38,13,0,0
BRDA:38,13,1,0
BRDA:39,14,0,0
BRDA:39,14,1,0
BRDA:46,15,0,0
BRDA:46,15,1,0
BRDA:47,16,0,0
BRDA:47,16,1,0
BRDA:51,17,0,0
BRDA:51,17,1,0
BRDA:52,18,0,0
BRDA:52,18,1,0
BRDA:53,19,0,0
BRDA:53,19,1,0
BRDA:59,20,0,0
BRDA:59,20,1,0
BRDA:69,21,0,0
BRDA:69,21,1,0
BRF:44
BRH:0
end_of_record
TN:
SF:server/src/detection/cleanupService.ts
FN:9,(anonymous_0)
FN:12,(anonymous_1)
FN:21,(anonymous_2)
FN:35,(anonymous_3)
FN:51,(anonymous_4)
FN:72,(anonymous_5)
FNF:6
FNH:0
FNDA:0,(anonymous_0)
FNDA:0,(anonymous_1)
FNDA:0,(anonymous_2)
FNDA:0,(anonymous_3)
FNDA:0,(anonymous_4)
FNDA:0,(anonymous_5)
DA:8,0
DA:10,0
DA:13,0
DA:14,0
DA:16,0
DA:22,0
DA:23,0
DA:24,0
DA:25,0
DA:26,0
DA:29,0
DA:36,0
DA:37,0
DA:39,0
DA:41,0
DA:42,0
DA:45,0
DA:52,0
DA:53,0
DA:54,0
DA:56,0
DA:57,0
DA:59,0
DA:60,0
DA:62,0
DA:66,0
DA:73,0
DA:77,0
LF:28
LH:0
BRDA:13,0,0,0
BRDA:13,0,1,0
BRDA:22,1,0,0
BRDA:22,1,1,0
BRDA:54,2,0,0
BRDA:54,2,1,0
BRDA:54,2,2,0
BRF:7
BRH:0
end_of_record
TN:
SF:server/src/detection/consolidatedDetectionService.ts
FN:18,(anonymous_0)
FN:20,(anonymous_1)
FN:26,(anonymous_2)
FN:31,(anonymous_3)
FN:40,(anonymous_4)
FN:49,(anonymous_5)
FN:53,(anonymous_6)
FN:76,(anonymous_7)
FN:80,(anonymous_8)
FN:90,(anonymous_9)
FN:93,(anonymous_10)
FN:113,(anonymous_11)
FN:134,(anonymous_12)
FN:135,(anonymous_13)
FN:153,(anonymous_14)
FN:187,(anonymous_15)
FN:201,(anonymous_16)
FN:202,(anonymous_17)
FN:211,(anonymous_18)
FN:212,(anonymous_19)
FN:229,(anonymous_20)
FN:235,(anonymous_21)
FN:236,(anonymous_22)
FN:264,(anonymous_23)
FN:269,(anonymous_24)
FN:272,(anonymous_25)
FN:276,(anonymous_26)
FN:282,(anonymous_27)
FN:299,(anonymous_28)
FN:303,(anonymous_29)
FN:307,(anonymous_30)
FN:327,getConsolidatedDetectionService
FNF:32
FNH:0
FNDA:0,(anonymous_0)
FNDA:0,(anonymous_1)
FNDA:0,(anonymous_2)
FNDA:0,(anonymous_3)
FNDA:0,(anonymous_4)
FNDA:0,(anonymous_5)
FNDA:0,(anonymous_6)
FNDA:0,(anonymous_7)
FNDA:0,(anonymous_8)
FNDA:0,(anonymous_9)
FNDA:0,(anonymous_10)
FNDA:0,(anonymous_11)
FNDA:0,(anonymous_12)
FNDA:0,(anonymous_13)
FNDA:0,(anonymous_14)
FNDA:0,(anonymous_15)
FNDA:0,(anonymous_16)
FNDA:0,(anonymous_17)
FNDA:0,(anonymous_18)
FNDA:0,(anonymous_19)
FNDA:0,(anonymous_20)
FNDA:0,(anonymous_21)
FNDA:0,(anonymous_22)
FNDA:0,(anonymous_23)
FNDA:0,(anonymous_24)
FNDA:0,(anonymous_25)
FNDA:0,(anonymous_26)
FNDA:0,(anonymous_27)
FNDA:0,(anonymous_28)
FNDA:0,(anonymous_29)
FNDA:0,(anonymous_30)
FNDA:0,getConsolidatedDetectionService
DA:6,0
DA:7,0
DA:12,0
DA:14,0
DA:15,0
DA:16,0
DA:17,0
DA:19,0
DA:20,0
DA:22,0
DA:24,0
DA:27,0
DA:32,0
DA:33,0
DA:34,0
DA:36,0
DA:40,0
DA:42,0
DA:43,0
DA:44,0
DA:46,0
DA:49,0
DA:50,0
DA:51,0
DA:53,0
DA:54,0
DA:55,0
DA:57,0
DA:60,0
DA:61,0
DA:62,0
DA:63,0
DA:64,0
DA:65,0
DA:66,0
DA:69,0
DA:70,0
DA:71,0
DA:72,0
DA:73,0
DA:76,0
DA:81,0
DA:91,0
DA:94,0
DA:95,0
DA:96,0
DA:98,0
DA:99,0
DA:100,0
DA:104,0
DA:105,0
DA:107,0
DA:110,0
DA:114,0
DA:115,0
DA:117,0
DA:119,0
DA:120,0
DA:121,0
DA:122,0
DA:123,0
DA:124,0
DA:125,0
DA:126,0
DA:131,0
DA:134,0
DA:135,0
DA:136,0
DA:137,0
DA:138,0
DA:139,0
DA:140,0
DA:141,0
DA:142,0
DA:143,0
DA:147,0
DA:148,0
DA:150,0
DA:151,0
DA:152,0
DA:153,0
DA:154,0
DA:155,0
DA:156,0
DA:158,0
DA:160,0
DA:161,0
DA:162,0
DA:171,0
DA:174,0
DA:175,0
DA:177,0
DA:188,0
DA:189,0
DA:191,0
DA:193,0
DA:194,0
DA:195,0
DA:196,0
DA:197,0
DA:198,0
DA:199,0
DA:200,0
DA:201,0
DA:202,0
DA:203,0
DA:208,0
DA:211,0
DA:212,0
DA:213,0
DA:214,0
DA:215,0
DA:216,0
DA:217,0
DA:218,0
DA:219,0
DA:220,0
DA:224,0
DA:225,0
DA:227,0
DA:228,0
DA:229,0
DA:235,0
DA:236,0
DA:238,0
DA:239,0
DA:240,0
DA:249,0
DA:252,0
DA:254,0
DA:265,0
DA:266,0
DA:267,0
DA:270,0
DA:273,0
DA:274,0
DA:277,0
DA:283,0
DA:285,0
DA:286,0
DA:287,0
DA:290,0
DA:293,0
DA:300,0
DA:301,0
DA:304,0
DA:305,0
DA:306,0
DA:307,0
DA:308,0
DA:311,0
DA:312,0
DA:319,0
DA:326,0
DA:328,0
LF:155
LH:0
BRDA:26,0,0,0
BRDA:26,1,0,0
BRDA:28,2,0,0
BRDA:28,2,1,0
BRDA:32,3,0,0
BRDA:32,3,1,0
BRDA:42,4,0,0
BRDA:42,4,1,0
BRDA:43,5,0,0
BRDA:43,5,1,0
BRDA:54,6,0,0
BRDA:54,6,1,0
BRDA:69,7,0,0
BRDA:69,7,1,0
BRDA:70,8,0,0
BRDA:70,8,1,0
BRDA:99,9,0,0
BRDA:99,9,1,0
BRDA:114,10,0,0
BRDA:114,10,1,0
BRDA:114,11,0,0
BRDA:114,11,1,0
BRDA:119,12,0,0
BRDA:119,12,1,0
BRDA:122,13,0,0
BRDA:122,13,1,0
BRDA:124,14,0,0
BRDA:124,14,1,0
BRDA:126,15,0,0
BRDA:126,15,1,0
BRDA:143,16,0,0
BRDA:143,16,1,0
BRDA:147,17,0,0
BRDA:147,17,1,0
BRDA:151,18,0,0
BRDA:151,18,1,0
BRDA:151,19,0,0
BRDA:151,19,1,0
BRDA:152,20,0,0
BRDA:152,20,1,0
BRDA:154,21,0,0
BRDA:154,21,1,0
BRDA:155,22,0,0
BRDA:155,22,1,0
BRDA:156,23,0,0
BRDA:156,23,1,0
BRDA:158,24,0,0
BRDA:158,24,1,0
BRDA:160,25,0,0
BRDA:160,25,1,0
BRDA:188,26,0,0
BRDA:188,26,1,0
BRDA:193,27,0,0
BRDA:193,27,1,0
BRDA:196,28,0,0
BRDA:196,28,1,0
BRDA:198,29,0,0
BRDA:198,29,1,0
BRDA:200,30,0,0
BRDA:200,30,1,0
BRDA:220,31,0,0
BRDA:220,31,1,0
BRDA:224,32,0,0
BRDA:224,32,1,0
BRDA:228,33,0,0
BRDA:228,33,1,0
BRDA:228,34,0,0
BRDA:228,34,1,0
BRDA:230,35,0,0
BRDA:230,35,1,0
BRDA:231,36,0,0
BRDA:231,36,1,0
BRDA:232,37,0,0
BRDA:232,37,1,0
BRDA:238,38,0,0
BRDA:238,38,1,0
BRDA:265,39,0,0
BRDA:265,39,1,0
BRDA:270,40,0,0
BRDA:270,40,1,0
BRDA:270,40,2,0
BRDA:285,41,0,0
BRDA:285,41,1,0
BRDA:308,42,0,0
BRDA:308,42,1,0
BRDA:314,43,0,0
BRDA:314,43,1,0
BRDA:321,44,0,0
BRDA:321,44,1,0
BRF:89
BRH:0
end_of_record
TN:
SF:server/src/detection/metricsCollector.ts
FN:11,(anonymous_0)
FN:14,(anonymous_1)
FN:23,(anonymous_2)
FN:29,(anonymous_3)
FN:37,(anonymous_4)
FN:48,(anonymous_5)
FN:64,(anonymous_6)
FN:80,(anonymous_7)
FN:81,(anonymous_8)
FN:86,(anonymous_9)
FN:87,(anonymous_10)
FN:92,(anonymous_11)
FN:95,(anonymous_12)
FN:104,(anonymous_13)
FN:106,(anonymous_14)
FN:107,(anonymous_15)
FN:108,(anonymous_16)
FN:109,(anonymous_17)
FN:112,(anonymous_18)
FN:113,(anonymous_19)
FN:114,(anonymous_20)
FN:115,(anonymous_21)
FN:132,(anonymous_22)
FN:133,(anonymous_23)
FN:136,(anonymous_24)
FN:137,(anonymous_25)
FN:150,(anonymous_26)
FN:151,(anonymous_27)
FN:152,(anonymous_28)
FN:153,(anonymous_29)
FN:156,(anonymous_30)
FN:157,(anonymous_31)
FN:158,(anonymous_32)
FN:159,(anonymous_33)
FN:181,(anonymous_34)
FN:187,(anonymous_35)
FN:194,(anonymous_36)
FN:200,(anonymous_37)
FNF:38
FNH:0
FNDA:0,(anonymous_0)
FNDA:0,(anonymous_1)
FNDA:0,(anonymous_2)
FNDA:0,(anonymous_3)
FNDA:0,(anonymous_4)
FNDA:0,(anonymous_5)
FNDA:0,(anonymous_6)
FNDA:0,(anonymous_7)
FNDA:0,(anonymous_8)
FNDA:0,(anonymous_9)
FNDA:0,(anonymous_10)
FNDA:0,(anonymous_11)
FNDA:0,(anonymous_12)
FNDA:0,(anonymous_13)
FNDA:0,(anonymous_14)
FNDA:0,(anonymous_15)
FNDA:0,(anonymous_16)
FNDA:0,(anonymous_17)
FNDA:0,(anonymous_18)
FNDA:0,(anonymous_19)
FNDA:0,(anonymous_20)
FNDA:0,(anonymous_21)
FNDA:0,(anonymous_22)
FNDA:0,(anonymous_23)
FNDA:0,(anonymous_24)
FNDA:0,(anonymous_25)
FNDA:0,(anonymous_26)
FNDA:0,(anonymous_27)
FNDA:0,(anonymous_28)
FNDA:0,(anonymous_29)
FNDA:0,(anonymous_30)
FNDA:0,(anonymous_31)
FNDA:0,(anonymous_32)
FNDA:0,(anonymous_33)
FNDA:0,(anonymous_34)
FNDA:0,(anonymous_35)
FNDA:0,(anonymous_36)
FNDA:0,(anonymous_37)
DA:7,0
DA:8,0
DA:9,0
DA:10,0
DA:12,0
DA:15,0
DA:16,0
DA:18,0
DA:24,0
DA:25,0
DA:26,0
DA:28,0
DA:29,0
DA:30,0
DA:32,0
DA:38,0
DA:39,0
DA:40,0
DA:41,0
DA:42,0
DA:49,0
DA:50,0
DA:51,0
DA:52,0
DA:53,0
DA:54,0
DA:57,0
DA:58,0
DA:65,0
DA:71,0
DA:73,0
DA:74,0
DA:81,0
DA:87,0
DA:93,0
DA:95,0
DA:96,0
DA:97,0
DA:99,0
DA:100,0
DA:103,0
DA:104,0
DA:105,0
DA:106,0
DA:107,0
DA:108,0
DA:109,0
DA:110,0
DA:112,0
DA:113,0
DA:114,0
DA:115,0
DA:131,0
DA:132,0
DA:133,0
DA:134,0
DA:136,0
DA:137,0
DA:149,0
DA:150,0
DA:151,0
DA:152,0
DA:153,0
DA:154,0
DA:156,0
DA:157,0
DA:158,0
DA:159,0
DA:176,0
DA:182,0
DA:188,0
DA:189,0
DA:195,0
DA:201,0
DA:202,0
DA:203,0
DA:204,0
DA:205,0
DA:209,0
DA:214,0
LF:80
LH:0
BRDA:15,0,0,0
BRDA:15,0,1,0
BRDA:23,1,0,0
BRDA:24,2,0,0
BRDA:24,2,1,0
BRDA:38,3,0,0
BRDA:38,3,1,0
BRDA:73,4,0,0
BRDA:73,4,1,0
BRDA:87,5,0,0
BRDA:87,5,1,0
BRDA:96,6,0,0
BRDA:96,6,1,0
BRDA:105,7,0,0
BRDA:105,7,1,0
BRDA:131,8,0,0
BRDA:131,8,1,0
BRDA:149,9,0,0
BRDA:149,9,1,0
BRDA:203,10,0,0
BRDA:203,10,1,0
BRF:21
BRH:0
end_of_record
TN:
SF:server/src/detection/mlModelOptimizationTests.ts
FN:10,(anonymous_0)
FN:13,(anonymous_1)
FN:22,(anonymous_2)
FN:42,(anonymous_3)
FN:58,(anonymous_4)
FN:74,(anonymous_5)
FN:92,(anonymous_6)
FN:98,(anonymous_7)
FNF:8
FNH:0
FNDA:0,(anonymous_0)
FNDA:0,(anonymous_1)
FNDA:0,(anonymous_2)
FNDA:0,(anonymous_3)
FNDA:0,(anonymous_4)
FNDA:0,(anonymous_5)
FNDA:0,(anonymous_6)
FNDA:0,(anonymous_7)
DA:9,0
DA:11,0
DA:14,0
DA:15,0
DA:17,0
DA:23,0
DA:24,0
DA:26,0
DA:28,0
DA:30,0
DA:31,0
DA:32,0
DA:35,0
DA:36,0
DA:43,0
DA:44,0
DA:46,0
DA:47,0
DA:48,0
DA:51,0
DA:52,0
DA:59,0
DA:60,0
DA:62,0
DA:63,0
DA:64,0
DA:67,0
DA:68,0
DA:75,0
DA:76,0
DA:78,0
DA:80,0
DA:81,0
DA:82,0
DA:85,0
DA:86,0
DA:93,0
DA:99,0
DA:100,0
DA:101,0
DA:102,0
DA:103,0
DA:104,0
DA:105,0
DA:106,0
DA:108,0
DA:110,0
DA:111,0
DA:112,0
DA:116,0
LF:50
LH:0
BRDA:14,0,0,0
BRDA:14,0,1,0
BRDA:104,1,0,0
BRDA:104,1,1,0
BRDA:105,2,0,0
BRDA:105,2,1,0
BRF:6
BRH:0
end_of_record
TN:
SF:server/src/detection/motionTriggeredDetection.ts
FN:17,(anonymous_0)
FN:21,(anonymous_1)
FN:33,(anonymous_2)
FN:36,(anonymous_3)
FN:46,(anonymous_4)
FN:54,(anonymous_5)
FN:60,(anonymous_6)
FN:85,(anonymous_7)
FN:109,(anonymous_8)
FN:151,(anonymous_9)
FN:161,(anonymous_10)
FN:181,(anonymous_11)
FN:182,(anonymous_12)
FN:198,(anonymous_13)
FN:235,(anonymous_14)
FN:260,(anonymous_15)
FN:261,(anonymous_16)
FN:276,(anonymous_17)
FN:300,(anonymous_18)
FN:359,(anonymous_19)
FN:360,(anonymous_20)
FN:362,(anonymous_21)
FN:371,(anonymous_22)
FN:374,(anonymous_23)
FN:381,(anonymous_24)
FNF:25
FNH:0
FNDA:0,(anonymous_0)
FNDA:0,(anonymous_1)
FNDA:0,(anonymous_2)
FNDA:0,(anonymous_3)
FNDA:0,(anonymous_4)
FNDA:0,(anonymous_5)
FNDA:0,(anonymous_6)
FNDA:0,(anonymous_7)
FNDA:0,(anonymous_8)
FNDA:0,(anonymous_9)
FNDA:0,(anonymous_10)
FNDA:0,(anonymous_11)
FNDA:0,(anonymous_12)
FNDA:0,(anonymous_13)
FNDA:0,(anonymous_14)
FNDA:0,(anonymous_15)
FNDA:0,(anonymous_16)
FNDA:0,(anonymous_17)
FNDA:0,(anonymous_18)
FNDA:0,(anonymous_19)
FNDA:0,(anonymous_20)
FNDA:0,(anonymous_21)
FNDA:0,(anonymous_22)
FNDA:0,(anonymous_23)
FNDA:0,(anonymous_24)
DA:8,0
DA:9,0
DA:11,0
DA:12,0
DA:13,0
DA:14,0
DA:15,0
DA:16,0
DA:18,0
DA:19,0
DA:22,0
DA:30,0
DA:34,0
DA:36,0
DA:37,0
DA:38,0
DA:39,0
DA:40,0
DA:41,0
DA:47,0
DA:48,0
DA:49,0
DA:50,0
DA:51,0
DA:52,0
DA:55,0
DA:61,0
DA:62,0
DA:63,0
DA:66,0
DA:67,0
DA:70,0
DA:71,0
DA:72,0
DA:75,0
DA:76,0
DA:77,0
DA:80,0
DA:86,0
DA:88,0
DA:89,0
DA:90,0
DA:92,0
DA:94,0
DA:96,0
DA:97,0
DA:99,0
DA:102,0
DA:103,0
DA:110,0
DA:112,0
DA:113,0
DA:116,0
DA:117,0
DA:119,0
DA:120,0
DA:121,0
DA:122,0
DA:124,0
DA:125,0
DA:127,0
DA:128,0
DA:130,0
DA:131,0
DA:132,0
DA:134,0
DA:135,0
DA:138,0
DA:140,0
DA:141,0
DA:144,0
DA:145,0
DA:152,0
DA:163,0
DA:164,0
DA:165,0
DA:167,0
DA:168,0
DA:169,0
DA:171,0
DA:173,0
DA:179,0
DA:181,0
DA:182,0
DA:184,0
DA:198,0
DA:205,0
DA:207,0
DA:209,0
DA:210,0
DA:217,0
DA:218,0
DA:219,0
DA:220,0
DA:225,0
DA:229,0
DA:236,0
DA:237,0
DA:238,0
DA:241,0
DA:242,0
DA:245,0
DA:246,0
DA:247,0
DA:249,0
DA:250,0
DA:251,0
DA:252,0
DA:258,0
DA:260,0
DA:261,0
DA:263,0
DA:276,0
DA:282,0
DA:284,0
DA:290,0
DA:293,0
DA:302,0
DA:303,0
DA:304,0
DA:305,0
DA:307,0
DA:308,0
DA:310,0
DA:311,0
DA:312,0
DA:313,0
DA:314,0
DA:327,0
DA:328,0
DA:348,0
DA:351,0
DA:354,0
DA:360,0
DA:361,0
DA:362,0
DA:363,0
DA:364,0
DA:372,0
DA:374,0
DA:382,0
DA:383,0
DA:384,0
DA:385,0
DA:389,0
LF:145
LH:0
BRDA:40,0,0,0
BRDA:40,0,1,0
BRDA:40,1,0,0
BRDA:40,1,1,0
BRDA:47,2,0,0
BRDA:47,2,1,0
BRDA:48,3,0,0
BRDA:48,3,1,0
BRDA:55,4,0,0
BRDA:55,4,1,0
BRDA:55,4,2,0
BRDA:62,5,0,0
BRDA:62,5,1,0
BRDA:62,6,0,0
BRDA:62,6,1,0
BRDA:66,7,0,0
BRDA:66,7,1,0
BRDA:70,8,0,0
BRDA:70,8,1,0
BRDA:71,9,0,0
BRDA:71,9,1,0
BRDA:76,10,0,0
BRDA:76,10,1,0
BRDA:88,11,0,0
BRDA:88,11,1,0
BRDA:96,12,0,0
BRDA:96,12,1,0
BRDA:112,13,0,0
BRDA:112,13,1,0
BRDA:112,14,0,0
BRDA:112,14,1,0
BRDA:121,15,0,0
BRDA:121,15,1,0
BRDA:121,16,0,0
BRDA:121,16,1,0
BRDA:152,17,0,0
BRDA:152,17,1,0
BRDA:152,17,2,0
BRDA:152,17,3,0
BRDA:152,17,4,0
BRDA:168,18,0,0
BRDA:168,18,1,0
BRDA:209,19,0,0
BRDA:209,19,1,0
BRDA:209,20,0,0
BRDA:209,20,1,0
BRDA:218,21,0,0
BRDA:218,21,1,0
BRDA:237,22,0,0
BRDA:237,22,1,0
BRDA:237,23,0,0
BRDA:237,23,1,0
BRDA:241,24,0,0
BRDA:241,24,1,0
BRDA:245,25,0,0
BRDA:245,25,1,0
BRDA:246,26,0,0
BRDA:246,26,1,0
BRDA:304,27,0,0
BRDA:304,27,1,0
BRDA:363,28,0,0
BRDA:363,28,1,0
BRF:62
BRH:0
end_of_record
TN:
SF:server/src/detection/objectDetection.ts
FN:3,(anonymous_0)
FN:7,(anonymous_1)
FN:10,(anonymous_2)
FN:11,(anonymous_3)
FN:14,(anonymous_4)
FN:19,(anonymous_5)
FN:24,getObjectDetectionService
FNF:7
FNH:0
FNDA:0,(anonymous_0)
FNDA:0,(anonymous_1)
FNDA:0,(anonymous_2)
FNDA:0,(anonymous_3)
FNDA:0,(anonymous_4)
FNDA:0,(anonymous_5)
FNDA:0,getObjectDetectionService
DA:2,0
DA:4,0
DA:5,0
DA:8,0
DA:10,0
DA:12,0
DA:15,0
DA:16,0
DA:17,0
DA:20,0
DA:23,0
DA:25,0
LF:12
LH:0
BRDA:15,0,0,0
BRDA:15,0,1,0
BRDA:20,1,0,0
BRDA:20,1,1,0
BRDA:20,1,2,0
BRF:5
BRH:0
end_of_record
TN:
SF:server/src/detection/optimizedMotionDetection.ts
FN:25,(anonymous_0)
FN:43,(anonymous_1)
FN:44,(anonymous_2)
FN:62,(anonymous_3)
FN:63,(anonymous_4)
FN:69,(anonymous_5)
FN:79,(anonymous_6)
FN:83,(anonymous_7)
FN:92,(anonymous_8)
FN:102,(anonymous_9)
FN:114,(anonymous_10)
FN:136,(anonymous_11)
FN:141,(anonymous_12)
FN:142,(anonymous_13)
FN:144,(anonymous_14)
FN:152,(anonymous_15)
FN:159,(anonymous_16)
FN:163,(anonymous_17)
FN:170,(anonymous_18)
FN:178,(anonymous_19)
FN:226,(anonymous_20)
FN:227,(anonymous_21)
FN:242,(anonymous_22)
FN:254,(anonymous_23)
FN:297,(anonymous_24)
FN:306,(anonymous_25)
FN:315,(anonymous_26)
FN:333,(anonymous_27)
FN:372,(anonymous_28)
FN:410,(anonymous_29)
FN:411,(anonymous_30)
FN:446,(anonymous_31)
FN:559,(anonymous_32)
FN:572,(anonymous_33)
FN:576,(anonymous_34)
FN:585,(anonymous_35)
FN:589,(anonymous_36)
FN:596,(anonymous_37)
FN:609,(anonymous_38)
FN:611,(anonymous_39)
FN:622,(anonymous_40)
FN:650,(anonymous_41)
FN:657,setupOptimizedMotionDetection
FN:661,(anonymous_43)
FN:668,cleanupOptimizedMotionDetection
FNF:45
FNH:0
FNDA:0,(anonymous_0)
FNDA:0,(anonymous_1)
FNDA:0,(anonymous_2)
FNDA:0,(anonymous_3)
FNDA:0,(anonymous_4)
FNDA:0,(anonymous_5)
FNDA:0,(anonymous_6)
FNDA:0,(anonymous_7)
FNDA:0,(anonymous_8)
FNDA:0,(anonymous_9)
FNDA:0,(anonymous_10)
FNDA:0,(anonymous_11)
FNDA:0,(anonymous_12)
FNDA:0,(anonymous_13)
FNDA:0,(anonymous_14)
FNDA:0,(anonymous_15)
FNDA:0,(anonymous_16)
FNDA:0,(anonymous_17)
FNDA:0,(anonymous_18)
FNDA:0,(anonymous_19)
FNDA:0,(anonymous_20)
FNDA:0,(anonymous_21)
FNDA:0,(anonymous_22)
FNDA:0,(anonymous_23)
FNDA:0,(anonymous_24)
FNDA:0,(anonymous_25)
FNDA:0,(anonymous_26)
FNDA:0,(anonymous_27)
FNDA:0,(anonymous_28)
FNDA:0,(anonymous_29)
FNDA:0,(anonymous_30)
FNDA:0,(anonymous_31)
FNDA:0,(anonymous_32)
FNDA:0,(anonymous_33)
FNDA:0,(anonymous_34)
FNDA:0,(anonymous_35)
FNDA:0,(anonymous_36)
FNDA:0,(anonymous_37)
FNDA:0,(anonymous_38)
FNDA:0,(anonymous_39)
FNDA:0,(anonymous_40)
FNDA:0,(anonymous_41)
FNDA:0,setupOptimizedMotionDetection
FNDA:0,(anonymous_43)
FNDA:0,cleanupOptimizedMotionDetection
DA:10,0
DA:11,0
DA:16,0
DA:17,0
DA:18,0
DA:19,0
DA:20,0
DA:21,0
DA:23,0
DA:24,0
DA:26,0
DA:27,0
DA:28,0
DA:29,0
DA:30,0
DA:38,0
DA:39,0
DA:40,0
DA:44,0
DA:45,0
DA:63,0
DA:64,0
DA:65,0
DA:70,0
DA:71,0
DA:73,0
DA:74,0
DA:75,0
DA:80,0
DA:82,0
DA:83,0
DA:84,0
DA:85,0
DA:86,0
DA:91,0
DA:92,0
DA:93,0
DA:94,0
DA:95,0
DA:99,0
DA:103,0
DA:104,0
DA:105,0
DA:106,0
DA:110,0
DA:115,0
DA:116,0
DA:117,0
DA:119,0
DA:121,0
DA:122,0
DA:125,0
DA:126,0
DA:127,0
DA:128,0
DA:130,0
DA:131,0
DA:133,0
DA:137,0
DA:138,0
DA:141,0
DA:142,0
DA:144,0
DA:145,0
DA:148,0
DA:149,0
DA:153,0
DA:154,0
DA:155,0
DA:156,0
DA:159,0
DA:160,0
DA:164,0
DA:165,0
DA:167,0
DA:168,0
DA:169,0
DA:170,0
DA:173,0
DA:174,0
DA:179,0
DA:180,0
DA:181,0
DA:184,0
DA:185,0
DA:186,0
DA:187,0
DA:190,0
DA:191,0
DA:192,0
DA:193,0
DA:196,0
DA:197,0
DA:198,0
DA:201,0
DA:202,0
DA:204,0
DA:205,0
DA:207,0
DA:208,0
DA:211,0
DA:212,0
DA:214,0
DA:216,0
DA:217,0
DA:218,0
DA:222,0
DA:227,0
DA:230,0
DA:231,0
DA:232,0
DA:233,0
DA:234,0
DA:237,0
DA:243,0
DA:245,0
DA:246,0
DA:247,0
DA:248,0
DA:249,0
DA:251,0
DA:253,0
DA:255,0
DA:257,0
DA:258,0
DA:260,0
DA:261,0
DA:275,0
DA:276,0
DA:282,0
DA:284,0
DA:286,0
DA:287,0
DA:293,0
DA:298,0
DA:299,0
DA:303,0
DA:305,0
DA:307,0
DA:308,0
DA:309,0
DA:316,0
DA:326,0
DA:328,0
DA:330,0
DA:331,0
DA:332,0
DA:333,0
DA:334,0
DA:335,0
DA:336,0
DA:337,0
DA:342,0
DA:345,0
DA:346,0
DA:347,0
DA:348,0
DA:349,0
DA:350,0
DA:351,0
DA:352,0
DA:353,0
DA:358,0
DA:364,0
DA:366,0
DA:368,0
DA:369,0
DA:370,0
DA:371,0
DA:372,0
DA:373,0
DA:374,0
DA:375,0
DA:376,0
DA:381,0
DA:385,0
DA:386,0
DA:387,0
DA:388,0
DA:389,0
DA:390,0
DA:391,0
DA:392,0
DA:393,0
DA:394,0
DA:399,0
DA:405,0
DA:407,0
DA:411,0
DA:413,0
DA:414,0
DA:415,0
DA:417,0
DA:418,0
DA:420,0
DA:422,0
DA:423,0
DA:425,0
DA:427,0
DA:428,0
DA:429,0
DA:430,0
DA:431,0
DA:432,0
DA:433,0
DA:435,0
DA:436,0
DA:437,0
DA:438,0
DA:440,0
DA:441,0
DA:442,0
DA:443,0
DA:446,0
DA:447,0
DA:448,0
DA:449,0
DA:452,0
DA:453,0
DA:455,0
DA:456,0
DA:457,0
DA:458,0
DA:459,0
DA:460,0
DA:461,0
DA:462,0
DA:463,0
DA:471,0
DA:472,0
DA:473,0
DA:474,0
DA:476,0
DA:477,0
DA:478,0
DA:479,0
DA:480,0
DA:483,0
DA:487,0
DA:488,0
DA:501,0
DA:502,0
DA:522,0
DA:525,0
DA:528,0
DA:549,0
DA:551,0
DA:552,0
DA:554,0
DA:560,0
DA:561,0
DA:563,0
DA:564,0
DA:565,0
DA:566,0
DA:567,0
DA:569,0
DA:573,0
DA:577,0
DA:578,0
DA:579,0
DA:581,0
DA:582,0
DA:586,0
DA:590,0
DA:592,0
DA:594,0
DA:596,0
DA:597,0
DA:599,0
DA:600,0
DA:602,0
DA:605,0
DA:611,0
DA:612,0
DA:613,0
DA:617,0
DA:618,0
DA:623,0
DA:624,0
DA:625,0
DA:626,0
DA:627,0
DA:628,0
DA:629,0
DA:644,0
DA:648,0
DA:649,0
DA:650,0
DA:651,0
DA:658,0
DA:659,0
DA:661,0
DA:664,0
DA:665,0
DA:670,0
DA:671,0
DA:672,0
LF:298
LH:0
BRDA:74,0,0,0
BRDA:74,0,1,0
BRDA:82,1,0,0
BRDA:82,1,1,0
BRDA:84,2,0,0
BRDA:84,2,1,0
BRDA:84,3,0,0
BRDA:84,3,1,0
BRDA:91,4,0,0
BRDA:91,4,1,0
BRDA:91,5,0,0
BRDA:91,5,1,0
BRDA:93,6,0,0
BRDA:93,6,1,0
BRDA:93,7,0,0
BRDA:93,7,1,0
BRDA:105,8,0,0
BRDA:105,8,1,0
BRDA:106,9,0,0
BRDA:106,9,1,0
BRDA:110,10,0,0
BRDA:110,10,1,0
BRDA:116,11,0,0
BRDA:116,11,1,0
BRDA:116,12,0,0
BRDA:116,12,1,0
BRDA:117,13,0,0
BRDA:117,13,1,0
BRDA:121,14,0,0
BRDA:121,14,1,0
BRDA:125,15,0,0
BRDA:125,15,1,0
BRDA:127,16,0,0
BRDA:127,16,1,0
BRDA:130,17,0,0
BRDA:130,17,1,0
BRDA:137,18,0,0
BRDA:137,18,1,0
BRDA:153,19,0,0
BRDA:153,19,1,0
BRDA:180,20,0,0
BRDA:180,20,1,0
BRDA:180,21,0,0
BRDA:180,21,1,0
BRDA:185,22,0,0
BRDA:185,22,1,0
BRDA:186,23,0,0
BRDA:186,23,1,0
BRDA:191,24,0,0
BRDA:191,24,1,0
BRDA:192,25,0,0
BRDA:192,25,1,0
BRDA:197,26,0,0
BRDA:197,26,1,0
BRDA:197,27,0,0
BRDA:197,27,1,0
BRDA:201,28,0,0
BRDA:201,28,1,0
BRDA:207,29,0,0
BRDA:207,29,1,0
BRDA:211,30,0,0
BRDA:211,30,1,0
BRDA:217,31,0,0
BRDA:217,31,1,0
BRDA:247,32,0,0
BRDA:247,32,1,0
BRDA:255,33,0,0
BRDA:255,33,1,0
BRDA:260,34,0,0
BRDA:260,34,1,0
BRDA:260,35,0,0
BRDA:260,35,1,0
BRDA:275,36,0,0
BRDA:275,36,1,0
BRDA:275,37,0,0
BRDA:275,37,1,0
BRDA:286,38,0,0
BRDA:286,38,1,0
BRDA:286,39,0,0
BRDA:286,39,1,0
BRDA:307,40,0,0
BRDA:307,40,1,0
BRDA:328,41,0,0
BRDA:328,41,1,0
BRDA:332,42,0,0
BRDA:332,42,1,0
BRDA:332,43,0,0
BRDA:332,43,1,0
BRDA:334,44,0,0
BRDA:334,44,1,0
BRDA:347,45,0,0
BRDA:347,45,1,0
BRDA:347,46,0,0
BRDA:347,46,1,0
BRDA:348,47,0,0
BRDA:348,47,1,0
BRDA:368,48,0,0
BRDA:368,48,1,0
BRDA:371,49,0,0
BRDA:371,49,1,0
BRDA:371,50,0,0
BRDA:371,50,1,0
BRDA:373,51,0,0
BRDA:373,51,1,0
BRDA:385,52,0,0
BRDA:385,52,1,0
BRDA:388,53,0,0
BRDA:388,53,1,0
BRDA:388,54,0,0
BRDA:388,54,1,0
BRDA:389,55,0,0
BRDA:389,55,1,0
BRDA:413,56,0,0
BRDA:413,56,1,0
BRDA:413,57,0,0
BRDA:413,57,1,0
BRDA:413,57,2,0
BRDA:413,57,3,0
BRDA:422,58,0,0
BRDA:422,58,1,0
BRDA:430,59,0,0
BRDA:430,59,1,0
BRDA:430,60,0,0
BRDA:430,60,1,0
BRDA:431,61,0,0
BRDA:431,61,1,0
BRDA:432,62,0,0
BRDA:432,62,1,0
BRDA:435,63,0,0
BRDA:435,63,1,0
BRDA:435,64,0,0
BRDA:435,64,1,0
BRDA:440,65,0,0
BRDA:440,65,1,0
BRDA:440,66,0,0
BRDA:440,66,1,0
BRDA:447,67,0,0
BRDA:447,67,1,0
BRDA:467,68,0,0
BRDA:467,68,1,0
BRDA:468,69,0,0
BRDA:468,69,1,0
BRDA:471,70,0,0
BRDA:471,70,1,0
BRDA:472,71,0,0
BRDA:472,71,1,0
BRDA:473,72,0,0
BRDA:473,72,1,0
BRDA:474,73,0,0
BRDA:474,73,1,0
BRDA:476,74,0,0
BRDA:476,74,1,0
BRDA:477,75,0,0
BRDA:477,75,1,0
BRDA:514,76,0,0
BRDA:514,76,1,0
BRDA:515,77,0,0
BRDA:515,77,1,0
BRDA:516,78,0,0
BRDA:516,78,1,0
BRDA:517,79,0,0
BRDA:517,79,1,0
BRDA:518,80,0,0
BRDA:518,80,1,0
BRDA:519,81,0,0
BRDA:519,81,1,0
BRDA:541,82,0,0
BRDA:541,82,1,0
BRDA:542,83,0,0
BRDA:542,83,1,0
BRDA:543,84,0,0
BRDA:543,84,1,0
BRDA:544,85,0,0
BRDA:544,85,1,0
BRDA:545,86,0,0
BRDA:545,86,1,0
BRDA:546,87,0,0
BRDA:546,87,1,0
BRDA:551,88,0,0
BRDA:551,88,1,0
BRDA:551,89,0,0
BRDA:551,89,1,0
BRDA:560,90,0,0
BRDA:560,90,1,0
BRDA:578,91,0,0
BRDA:578,91,1,0
BRDA:586,92,0,0
BRDA:586,92,1,0
BRDA:599,93,0,0
BRDA:599,93,1,0
BRDA:612,94,0,0
BRDA:612,94,1,0
BRDA:617,95,0,0
BRDA:617,95,1,0
BRDA:624,96,0,0
BRDA:624,96,1,0
BRDA:649,97,0,0
BRDA:649,97,1,0
BRDA:671,98,0,0
BRDA:671,98,1,0
BRF:200
BRH:0
end_of_record
TN:
SF:server/src/detection/performanceDashboard.ts
FN:11,(anonymous_0)
FN:14,(anonymous_1)
FN:23,(anonymous_2)
FN:29,(anonymous_3)
FN:37,(anonymous_4)
FN:48,(anonymous_5)
FN:69,(anonymous_6)
FN:90,(anonymous_7)
FN:109,(anonymous_8)
FN:130,(anonymous_9)
FN:144,(anonymous_10)
FN:145,(anonymous_11)
FN:150,(anonymous_12)
FN:157,(anonymous_13)
FN:158,(anonymous_14)
FN:164,(anonymous_15)
FN:170,(anonymous_16)
FN:181,(anonymous_17)
FN:202,(anonymous_18)
FN:212,(anonymous_19)
FN:222,(anonymous_20)
FN:232,(anonymous_21)
FN:245,(anonymous_22)
FNF:23
FNH:0
FNDA:0,(anonymous_0)
FNDA:0,(anonymous_1)
FNDA:0,(anonymous_2)
FNDA:0,(anonymous_3)
FNDA:0,(anonymous_4)
FNDA:0,(anonymous_5)
FNDA:0,(anonymous_6)
FNDA:0,(anonymous_7)
FNDA:0,(anonymous_8)
FNDA:0,(anonymous_9)
FNDA:0,(anonymous_10)
FNDA:0,(anonymous_11)
FNDA:0,(anonymous_12)
FNDA:0,(anonymous_13)
FNDA:0,(anonymous_14)
FNDA:0,(anonymous_15)
FNDA:0,(anonymous_16)
FNDA:0,(anonymous_17)
FNDA:0,(anonymous_18)
FNDA:0,(anonymous_19)
FNDA:0,(anonymous_20)
FNDA:0,(anonymous_21)
FNDA:0,(anonymous_22)
DA:8,0
DA:9,0
DA:10,0
DA:12,0
DA:15,0
DA:16,0
DA:18,0
DA:24,0
DA:25,0
DA:26,0
DA:28,0
DA:29,0
DA:30,0
DA:32,0
DA:38,0
DA:39,0
DA:40,0
DA:41,0
DA:42,0
DA:49,0
DA:50,0
DA:51,0
DA:53,0
DA:55,0
DA:57,0
DA:59,0
DA:60,0
DA:63,0
DA:70,0
DA:71,0
DA:72,0
DA:91,0
DA:92,0
DA:93,0
DA:110,0
DA:111,0
DA:112,0
DA:131,0
DA:132,0
DA:133,0
DA:134,0
DA:145,0
DA:151,0
DA:152,0
DA:158,0
DA:159,0
DA:165,0
DA:171,0
DA:172,0
DA:173,0
DA:175,0
DA:176,0
DA:182,0
DA:183,0
DA:184,0
DA:185,0
DA:187,0
DA:188,0
DA:190,0
DA:191,0
DA:193,0
DA:194,0
DA:196,0
DA:197,0
DA:204,0
DA:214,0
DA:224,0
DA:234,0
DA:235,0
DA:246,0
DA:247,0
DA:248,0
DA:249,0
DA:250,0
DA:251,0
DA:252,0
DA:253,0
DA:255,0
DA:259,0
LF:79
LH:0
BRDA:15,0,0,0
BRDA:15,0,1,0
BRDA:23,1,0,0
BRDA:24,2,0,0
BRDA:24,2,1,0
BRDA:38,3,0,0
BRDA:38,3,1,0
BRDA:71,4,0,0
BRDA:71,4,1,0
BRDA:92,5,0,0
BRDA:92,5,1,0
BRDA:111,6,0,0
BRDA:111,6,1,0
BRDA:132,7,0,0
BRDA:132,7,1,0
BRDA:137,8,0,0
BRDA:137,8,1,0
BRDA:184,9,0,0
BRDA:184,9,1,0
BRDA:187,10,0,0
BRDA:187,10,1,0
BRDA:190,11,0,0
BRDA:190,11,1,0
BRDA:193,12,0,0
BRDA:193,12,1,0
BRDA:234,13,0,0
BRDA:234,13,1,0
BRDA:238,14,0,0
BRDA:238,14,1,0
BRF:29
BRH:0
end_of_record
TN:
SF:server/src/detection/performanceMonitor.ts
FN:13,(anonymous_0)
FN:16,(anonymous_1)
FN:25,(anonymous_2)
FN:31,(anonymous_3)
FN:39,(anonymous_4)
FN:50,(anonymous_5)
FN:67,(anonymous_6)
FN:84,(anonymous_7)
FN:96,(anonymous_8)
FN:125,(anonymous_9)
FN:141,(anonymous_10)
FN:146,(anonymous_11)
FN:157,(anonymous_12)
FN:168,(anonymous_13)
FN:174,(anonymous_14)
FN:176,(anonymous_15)
FN:182,(anonymous_16)
FN:183,(anonymous_17)
FN:184,(anonymous_18)
FN:185,(anonymous_19)
FN:188,(anonymous_20)
FN:189,(anonymous_21)
FN:192,(anonymous_22)
FN:193,(anonymous_23)
FN:194,(anonymous_24)
FN:195,(anonymous_25)
FN:206,(anonymous_26)
FN:226,(anonymous_27)
FN:243,(anonymous_28)
FNF:29
FNH:0
FNDA:0,(anonymous_0)
FNDA:0,(anonymous_1)
FNDA:0,(anonymous_2)
FNDA:0,(anonymous_3)
FNDA:0,(anonymous_4)
FNDA:0,(anonymous_5)
FNDA:0,(anonymous_6)
FNDA:0,(anonymous_7)
FNDA:0,(anonymous_8)
FNDA:0,(anonymous_9)
FNDA:0,(anonymous_10)
FNDA:0,(anonymous_11)
FNDA:0,(anonymous_12)
FNDA:0,(anonymous_13)
FNDA:0,(anonymous_14)
FNDA:0,(anonymous_15)
FNDA:0,(anonymous_16)
FNDA:0,(anonymous_17)
FNDA:0,(anonymous_18)
FNDA:0,(anonymous_19)
FNDA:0,(anonymous_20)
FNDA:0,(anonymous_21)
FNDA:0,(anonymous_22)
FNDA:0,(anonymous_23)
FNDA:0,(anonymous_24)
FNDA:0,(anonymous_25)
FNDA:0,(anonymous_26)
FNDA:0,(anonymous_27)
FNDA:0,(anonymous_28)
DA:8,0
DA:9,0
DA:10,0
DA:11,0
DA:12,0
DA:14,0
DA:17,0
DA:18,0
DA:20,0
DA:26,0
DA:27,0
DA:28,0
DA:30,0
DA:31,0
DA:32,0
DA:34,0
DA:40,0
DA:41,0
DA:42,0
DA:43,0
DA:44,0
DA:51,0
DA:52,0
DA:53,0
DA:55,0
DA:56,0
DA:58,0
DA:61,0
DA:68,0
DA:69,0
DA:70,0
DA:71,0
DA:72,0
DA:73,0
DA:85,0
DA:86,0
DA:97,0
DA:99,0
DA:103,0
DA:104,0
DA:105,0
DA:106,0
DA:107,0
DA:108,0
DA:109,0
DA:110,0
DA:111,0
DA:112,0
DA:113,0
DA:114,0
DA:115,0
DA:116,0
DA:121,0
DA:122,0
DA:125,0
DA:136,0
DA:144,0
DA:145,0
DA:146,0
DA:147,0
DA:158,0
DA:169,0
DA:175,0
DA:176,0
DA:177,0
DA:178,0
DA:181,0
DA:182,0
DA:183,0
DA:184,0
DA:185,0
DA:187,0
DA:188,0
DA:189,0
DA:191,0
DA:192,0
DA:193,0
DA:194,0
DA:195,0
DA:197,0
DA:207,0
DA:208,0
DA:210,0
DA:211,0
DA:214,0
DA:215,0
DA:218,0
DA:219,0
DA:221,0
DA:227,0
DA:228,0
DA:229,0
DA:230,0
DA:231,0
DA:232,0
DA:233,0
DA:234,0
DA:235,0
DA:236,0
DA:237,0
DA:238,0
DA:240,0
DA:241,0
DA:242,0
DA:243,0
DA:246,0
DA:248,0
DA:252,0
LF:108
LH:0
BRDA:17,0,0,0
BRDA:17,0,1,0
BRDA:25,1,0,0
BRDA:26,2,0,0
BRDA:26,2,1,0
BRDA:40,3,0,0
BRDA:40,3,1,0
BRDA:55,4,0,0
BRDA:55,4,1,0
BRDA:103,5,0,0
BRDA:103,5,1,0
BRDA:107,6,0,0
BRDA:107,6,1,0
BRDA:114,7,0,0
BRDA:114,7,1,0
BRDA:150,8,0,0
BRDA:150,8,1,0
BRDA:174,9,0,0
BRDA:177,10,0,0
BRDA:177,10,1,0
BRDA:210,11,0,0
BRDA:210,11,1,0
BRDA:214,12,0,0
BRDA:214,12,1,0
BRDA:214,13,0,0
BRDA:214,13,1,0
BRDA:218,14,0,0
BRDA:218,14,1,0
BRDA:236,15,0,0
BRDA:236,15,1,0
BRDA:241,16,0,0
BRDA:241,16,1,0
BRF:32
BRH:0
end_of_record
TN:
SF:server/src/detection/simpleMotionDetection.ts
FN:3,(anonymous_0)
FN:6,(anonymous_1)
FN:7,(anonymous_2)
FN:10,(anonymous_3)
FN:17,(anonymous_4)
FN:27,getMotionDetector
FNF:6
FNH:0
FNDA:0,(anonymous_0)
FNDA:0,(anonymous_1)
FNDA:0,(anonymous_2)
FNDA:0,(anonymous_3)
FNDA:0,(anonymous_4)
FNDA:0,getMotionDetector
DA:2,0
DA:4,0
DA:6,0
DA:8,0
DA:11,0
DA:18,0
DA:19,0
DA:20,0
DA:21,0
DA:23,0
DA:26,0
DA:28,0
LF:12
LH:0
BRDA:11,0,0,0
BRDA:11,0,1,0
BRDA:19,1,0,0
BRDA:19,1,1,0
BRF:4
BRH:0
end_of_record
TN:
SF:server/src/events/eventBus.ts
FN:8,(anonymous_0)
FN:13,(anonymous_1)
FN:19,(anonymous_2)
FN:46,(anonymous_3)
FN:60,(anonymous_4)
FN:71,(anonymous_5)
FN:105,(anonymous_6)
FN:113,(anonymous_7)
FN:121,(anonymous_8)
FN:129,(anonymous_9)
FN:137,(anonymous_10)
FN:145,(anonymous_11)
FN:153,(anonymous_12)
FN:161,(anonymous_13)
FN:164,(anonymous_14)
FN:176,(anonymous_15)
FN:177,(anonymous_16)
FN:181,(anonymous_17)
FN:184,(anonymous_18)
FN:190,(anonymous_19)
FN:197,(anonymous_20)
FN:202,(anonymous_21)
FNF:22
FNH:0
FNDA:0,(anonymous_0)
FNDA:0,(anonymous_1)
FNDA:0,(anonymous_2)
FNDA:0,(anonymous_3)
FNDA:0,(anonymous_4)
FNDA:0,(anonymous_5)
FNDA:0,(anonymous_6)
FNDA:0,(anonymous_7)
FNDA:0,(anonymous_8)
FNDA:0,(anonymous_9)
FNDA:0,(anonymous_10)
FNDA:0,(anonymous_11)
FNDA:0,(anonymous_12)
FNDA:0,(anonymous_13)
FNDA:0,(anonymous_14)
FNDA:0,(anonymous_15)
FNDA:0,(anonymous_16)
FNDA:0,(anonymous_17)
FNDA:0,(anonymous_18)
FNDA:0,(anonymous_19)
FNDA:0,(anonymous_20)
FNDA:0,(anonymous_21)
DA:4,0
DA:5,0
DA:6,0
DA:7,0
DA:9,0
DA:10,0
DA:11,0
DA:14,0
DA:15,0
DA:17,0
DA:20,0
DA:22,0
DA:30,0
DA:31,0
DA:32,0
DA:34,0
DA:36,0
DA:37,0
DA:39,0
DA:42,0
DA:43,0
DA:47,0
DA:48,0
DA:50,0
DA:51,0
DA:52,0
DA:53,0
DA:54,0
DA:55,0
DA:56,0
DA:58,0
DA:60,0
DA:64,0
DA:65,0
DA:68,0
DA:72,0
DA:74,0
DA:76,0
DA:77,0
DA:79,0
DA:80,0
DA:82,0
DA:83,0
DA:85,0
DA:86,0
DA:88,0
DA:89,0
DA:91,0
DA:92,0
DA:94,0
DA:95,0
DA:97,0
DA:101,0
DA:102,0
DA:107,0
DA:109,0
DA:110,0
DA:115,0
DA:117,0
DA:118,0
DA:123,0
DA:125,0
DA:126,0
DA:131,0
DA:133,0
DA:134,0
DA:139,0
DA:141,0
DA:142,0
DA:147,0
DA:149,0
DA:150,0
DA:155,0
DA:157,0
DA:158,0
DA:162,0
DA:165,0
DA:177,0
DA:178,0
DA:181,0
DA:182,0
DA:184,0
DA:185,0
DA:186,0
DA:191,0
DA:198,0
DA:199,0
DA:203,0
DA:204,0
DA:206,0
DA:207,0
DA:209,0
DA:210,0
DA:212,0
DA:213,0
DA:215,0
DA:216,0
DA:218,0
DA:219,0
DA:221,0
DA:222,0
LF:101
LH:0
BRDA:14,0,0,0
BRDA:14,0,1,0
BRDA:24,1,0,0
BRDA:24,1,1,0
BRDA:25,2,0,0
BRDA:25,2,1,0
BRDA:26,3,0,0
BRDA:26,3,1,0
BRDA:27,4,0,0
BRDA:27,4,1,0
BRDA:30,5,0,0
BRDA:30,5,1,0
BRDA:47,6,0,0
BRDA:47,6,1,0
BRDA:47,7,0,0
BRDA:47,7,1,0
BRDA:53,8,0,0
BRDA:53,8,1,0
BRDA:58,9,0,0
BRDA:58,9,1,0
BRDA:74,10,0,0
BRDA:74,10,1,0
BRDA:74,10,2,0
BRDA:74,10,3,0
BRDA:74,10,4,0
BRDA:74,10,5,0
BRDA:74,10,6,0
BRDA:74,10,7,0
BRDA:109,11,0,0
BRDA:109,11,1,0
BRDA:109,12,0,0
BRDA:109,12,1,0
BRDA:117,13,0,0
BRDA:117,13,1,0
BRDA:125,14,0,0
BRDA:125,14,1,0
BRDA:133,15,0,0
BRDA:133,15,1,0
BRDA:141,16,0,0
BRDA:141,16,1,0
BRDA:149,17,0,0
BRDA:149,17,1,0
BRDA:157,18,0,0
BRDA:157,18,1,0
BRDA:169,19,0,0
BRDA:169,19,1,0
BRDA:170,20,0,0
BRDA:170,20,1,0
BRDA:203,21,0,0
BRDA:203,21,1,0
BRDA:206,22,0,0
BRDA:206,22,1,0
BRDA:209,23,0,0
BRDA:209,23,1,0
BRDA:212,24,0,0
BRDA:212,24,1,0
BRDA:215,25,0,0
BRDA:215,25,1,0
BRDA:218,26,0,0
BRDA:218,26,1,0
BRDA:221,27,0,0
BRDA:221,27,1,0
BRF:62
BRH:0
end_of_record
TN:
SF:server/src/integrations/motionBatchIntegration.ts
FN:9,(anonymous_0)
FN:13,(anonymous_1)
FN:15,(anonymous_2)
FN:19,(anonymous_3)
FN:26,(anonymous_4)
FN:34,(anonymous_5)
FN:60,(anonymous_6)
FN:61,(anonymous_7)
FN:84,(anonymous_8)
FN:90,(anonymous_9)
FNF:10
FNH:0
FNDA:0,(anonymous_0)
FNDA:0,(anonymous_1)
FNDA:0,(anonymous_2)
FNDA:0,(anonymous_3)
FNDA:0,(anonymous_4)
FNDA:0,(anonymous_5)
FNDA:0,(anonymous_6)
FNDA:0,(anonymous_7)
FNDA:0,(anonymous_8)
FNDA:0,(anonymous_9)
DA:10,0
DA:11,0
DA:15,0
DA:16,0
DA:19,0
DA:20,0
DA:27,0
DA:29,0
DA:35,0
DA:36,0
DA:38,0
DA:49,0
DA:51,0
DA:54,0
DA:61,0
DA:62,0
DA:63,0
DA:64,0
DA:65,0
DA:66,0
DA:67,0
DA:69,0
DA:70,0
DA:71,0
DA:72,0
DA:76,0
DA:77,0
DA:85,0
DA:91,0
DA:95,0
LF:30
LH:0
BRDA:64,0,0,0
BRDA:64,0,1,0
BRDA:64,1,0,0
BRDA:64,1,1,0
BRDA:69,2,0,0
BRDA:69,2,1,0
BRDA:69,3,0,0
BRDA:69,3,1,0
BRDA:71,4,0,0
BRDA:71,4,1,0
BRF:10
BRH:0
end_of_record
TN:
SF:server/src/middleware/auth.ts
FN:3,authenticate
FN:5,(anonymous_1)
FNF:2
FNH:0
FNDA:0,authenticate
FNDA:0,(anonymous_1)
DA:4,0
DA:5,0
DA:6,0
DA:8,0
DA:9,0
DA:13,0
DA:14,0
DA:15,0
DA:20,0
DA:23,0
DA:24,0
DA:25,0
DA:26,0
DA:31,0
DA:34,0
DA:35,0
DA:41,0
DA:43,0
DA:44,0
DA:47,0
DA:48,0
DA:49,0
DA:54,0
DA:59,0
DA:60,0
DA:61,0
DA:62,0
LF:27
LH:0
BRDA:3,0,0,0
BRDA:4,1,0,0
BRDA:4,2,0,0
BRDA:4,3,0,0
BRDA:9,4,0,0
BRDA:9,4,1,0
BRDA:9,5,0,0
BRDA:9,5,1,0
BRDA:13,6,0,0
BRDA:13,6,1,0
BRDA:14,7,0,0
BRDA:14,7,1,0
BRDA:24,8,0,0
BRDA:24,8,1,0
BRDA:25,9,0,0
BRDA:25,9,1,0
BRDA:34,10,0,0
BRDA:34,10,1,0
BRDA:34,11,0,0
BRDA:34,11,1,0
BRDA:48,12,0,0
BRDA:48,12,1,0
BRF:22
BRH:0
end_of_record
TN:
SF:server/src/middleware/enhancedRateLimit.ts
FN:4,(anonymous_0)
FN:9,(anonymous_1)
FN:14,(anonymous_2)
FN:19,(anonymous_3)
FN:20,(anonymous_4)
FN:62,(anonymous_5)
FN:70,(anonymous_6)
FN:75,(anonymous_7)
FN:79,(anonymous_8)
FN:84,(anonymous_9)
FN:91,(anonymous_10)
FN:100,(anonymous_11)
FNF:12
FNH:0
FNDA:0,(anonymous_0)
FNDA:0,(anonymous_1)
FNDA:0,(anonymous_2)
FNDA:0,(anonymous_3)
FNDA:0,(anonymous_4)
FNDA:0,(anonymous_5)
FNDA:0,(anonymous_6)
FNDA:0,(anonymous_7)
FNDA:0,(anonymous_8)
FNDA:0,(anonymous_9)
FNDA:0,(anonymous_10)
FNDA:0,(anonymous_11)
DA:5,0
DA:9,0
DA:15,0
DA:16,0
DA:17,0
DA:20,0
DA:21,0
DA:22,0
DA:24,0
DA:26,0
DA:31,0
DA:33,0
DA:37,0
DA:40,0
DA:41,0
DA:43,0
DA:51,0
DA:54,0
DA:56,0
DA:62,0
DA:63,0
DA:68,0
DA:70,0
DA:71,0
DA:75,0
DA:77,0
DA:79,0
DA:80,0
DA:85,0
DA:86,0
DA:89,0
DA:91,0
DA:92,0
DA:97,0
DA:100,0
DA:101,0
DA:102,0
DA:103,0
DA:104,0
DA:112,0
DA:113,0
LF:41
LH:0
BRDA:8,0,0,0
BRDA:8,0,1,0
BRDA:9,1,0,0
BRDA:9,1,1,0
BRDA:10,2,0,0
BRDA:10,2,1,0
BRDA:11,3,0,0
BRDA:11,3,1,0
BRDA:16,4,0,0
BRDA:16,4,1,0
BRDA:16,5,0,0
BRDA:16,5,1,0
BRDA:16,5,2,0
BRDA:31,6,0,0
BRDA:31,6,1,0
BRDA:75,7,0,0
BRDA:75,7,1,0
BRDA:85,8,0,0
BRDA:85,8,1,0
BRDA:85,8,2,0
BRDA:103,9,0,0
BRDA:103,9,1,0
BRF:22
BRH:0
end_of_record
TN:
SF:server/src/middleware/rateLimit.ts
FN:5,ipKeyGenerator
FN:16,(anonymous_1)
FN:22,rateLimit
FN:23,(anonymous_3)
FN:30,(anonymous_4)
FN:84,cleanupExpiredRecords
FN:94,ipBlocker
FN:95,(anonymous_7)
FN:117,blockIP
FN:126,isIPBlocked
FN:137,violationTracker
FN:138,(anonymous_11)
FN:142,(anonymous_12)
FN:161,cleanup
FN:167,clearRateLimits
FN:174,resetIPLimit
FN:181,(anonymous_16)
FN:192,(anonymous_17)
FN:201,(anonymous_18)
FN:209,(anonymous_19)
FN:216,(anonymous_20)
FN:222,(anonymous_21)
FN:230,(anonymous_22)
FN:237,(anonymous_23)
FN:243,(anonymous_24)
FNF:25
FNH:0
FNDA:0,ipKeyGenerator
FNDA:0,(anonymous_1)
FNDA:0,rateLimit
FNDA:0,(anonymous_3)
FNDA:0,(anonymous_4)
FNDA:0,cleanupExpiredRecords
FNDA:0,ipBlocker
FNDA:0,(anonymous_7)
FNDA:0,blockIP
FNDA:0,isIPBlocked
FNDA:0,violationTracker
FNDA:0,(anonymous_11)
FNDA:0,(anonymous_12)
FNDA:0,cleanup
FNDA:0,clearRateLimits
FNDA:0,resetIPLimit
FNDA:0,(anonymous_16)
FNDA:0,(anonymous_17)
FNDA:0,(anonymous_18)
FNDA:0,(anonymous_19)
FNDA:0,(anonymous_20)
FNDA:0,(anonymous_21)
FNDA:0,(anonymous_22)
FNDA:0,(anonymous_23)
FNDA:0,(anonymous_24)
DA:6,0
DA:13,0
DA:17,0
DA:18,0
DA:19,0
DA:25,0
DA:29,0
DA:30,0
DA:31,0
DA:32,0
DA:33,0
DA:35,0
DA:36,0
DA:38,0
DA:42,0
DA:46,0
DA:49,0
DA:50,0
DA:51,0
DA:53,0
DA:59,0
DA:66,0
DA:72,0
DA:73,0
DA:75,0
DA:78,0
DA:79,0
DA:85,0
DA:86,0
DA:87,0
DA:88,0
DA:93,0
DA:95,0
DA:96,0
DA:97,0
DA:99,0
DA:100,0
DA:101,0
DA:102,0
DA:103,0
DA:110,0
DA:111,0
DA:113,0
DA:118,0
DA:119,0
DA:123,0
DA:127,0
DA:128,0
DA:129,0
DA:130,0
DA:131,0
DA:132,0
DA:134,0
DA:138,0
DA:139,0
DA:141,0
DA:142,0
DA:143,0
DA:144,0
DA:145,0
DA:146,0
DA:147,0
DA:148,0
DA:149,0
DA:152,0
DA:155,0
DA:157,0
DA:162,0
DA:163,0
DA:164,0
DA:168,0
DA:169,0
DA:170,0
DA:175,0
DA:176,0
DA:177,0
DA:178,0
DA:181,0
DA:182,0
DA:183,0
DA:186,0
DA:187,0
DA:188,0
DA:192,0
DA:202,0
DA:203,0
DA:209,0
DA:218,0
DA:219,0
DA:220,0
DA:223,0
DA:224,0
DA:230,0
DA:239,0
DA:240,0
DA:241,0
DA:244,0
DA:245,0
DA:252,0
LF:99
LH:0
BRDA:6,0,0,0
BRDA:6,0,1,0
BRDA:6,0,2,0
BRDA:6,0,3,0
BRDA:23,1,0,0
BRDA:23,2,0,0
BRDA:23,3,0,0
BRDA:23,4,0,0
BRDA:23,5,0,0
BRDA:23,6,0,0
BRDA:25,7,0,0
BRDA:25,7,1,0
BRDA:25,7,2,0
BRDA:25,7,3,0
BRDA:36,8,0,0
BRDA:36,8,1,0
BRDA:36,9,0,0
BRDA:36,9,1,0
BRDA:49,10,0,0
BRDA:49,10,1,0
BRDA:72,11,0,0
BRDA:72,11,1,0
BRDA:87,12,0,0
BRDA:87,12,1,0
BRDA:94,13,0,0
BRDA:94,14,0,0
BRDA:100,15,0,0
BRDA:100,15,1,0
BRDA:100,16,0,0
BRDA:100,16,1,0
BRDA:110,17,0,0
BRDA:110,17,1,0
BRDA:110,18,0,0
BRDA:110,18,1,0
BRDA:117,19,0,0
BRDA:121,20,0,0
BRDA:121,20,1,0
BRDA:128,21,0,0
BRDA:128,21,1,0
BRDA:130,22,0,0
BRDA:130,22,1,0
BRDA:137,23,0,0
BRDA:137,24,0,0
BRDA:143,25,0,0
BRDA:143,25,1,0
BRDA:144,26,0,0
BRDA:144,26,1,0
BRDA:146,27,0,0
BRDA:146,27,1,0
BRDA:168,28,0,0
BRDA:168,28,1,0
BRDA:168,29,0,0
BRDA:168,29,1,0
BRDA:177,30,0,0
BRDA:177,30,1,0
BRDA:177,31,0,0
BRDA:177,31,1,0
BRDA:177,31,2,0
BRDA:182,32,0,0
BRDA:182,32,1,0
BRDA:186,33,0,0
BRDA:186,33,1,0
BRDA:240,34,0,0
BRDA:240,34,1,0
BRF:64
BRH:0
end_of_record
TN:
SF:server/src/middleware/security.ts
FN:4,enforceHTTPS
FN:22,customSecurityHeaders
FN:66,createApiRateLimit
FN:71,(anonymous_3)
FN:105,validateRequest
FN:118,(anonymous_5)
FN:120,(anonymous_6)
FN:123,(anonymous_7)
FN:128,(anonymous_8)
FN:141,validateApiKey
FN:162,configureHelmet
FNF:11
FNH:0
FNDA:0,enforceHTTPS
FNDA:0,customSecurityHeaders
FNDA:0,createApiRateLimit
FNDA:0,(anonymous_3)
FNDA:0,validateRequest
FNDA:0,(anonymous_5)
FNDA:0,(anonymous_6)
FNDA:0,(anonymous_7)
FNDA:0,(anonymous_8)
FNDA:0,validateApiKey
FNDA:0,configureHelmet
DA:6,0
DA:7,0
DA:10,0
DA:11,0
DA:12,0
DA:15,0
DA:16,0
DA:18,0
DA:19,0
DA:24,0
DA:26,0
DA:27,0
DA:28,0
DA:29,0
DA:30,0
DA:44,0
DA:58,0
DA:60,0
DA:61,0
DA:63,0
DA:67,0
DA:68,0
DA:69,0
DA:70,0
DA:71,0
DA:72,0
DA:73,0
DA:74,0
DA:76,0
DA:77,0
DA:78,0
DA:82,0
DA:83,0
DA:85,0
DA:89,0
DA:91,0
DA:92,0
DA:93,0
DA:100,0
DA:101,0
DA:107,0
DA:118,0
DA:119,0
DA:120,0
DA:122,0
DA:123,0
DA:125,0
DA:128,0
DA:129,0
DA:130,0
DA:131,0
DA:132,0
DA:133,0
DA:138,0
DA:142,0
DA:143,0
DA:145,0
DA:146,0
DA:149,0
DA:150,0
DA:152,0
DA:153,0
DA:154,0
DA:159,0
DA:163,0
LF:65
LH:0
BRDA:6,0,0,0
BRDA:6,0,1,0
BRDA:6,1,0,0
BRDA:6,1,1,0
BRDA:11,2,0,0
BRDA:11,2,1,0
BRDA:18,3,0,0
BRDA:18,3,1,0
BRDA:60,4,0,0
BRDA:60,4,1,0
BRDA:66,5,0,0
BRDA:67,6,0,0
BRDA:67,6,1,0
BRDA:68,7,0,0
BRDA:68,7,1,0
BRDA:69,8,0,0
BRDA:69,8,1,0
BRDA:72,9,0,0
BRDA:72,9,1,0
BRDA:72,9,2,0
BRDA:77,10,0,0
BRDA:77,10,1,0
BRDA:83,11,0,0
BRDA:83,11,1,0
BRDA:91,12,0,0
BRDA:91,12,1,0
BRDA:119,13,0,0
BRDA:119,13,1,0
BRDA:122,14,0,0
BRDA:122,14,1,0
BRDA:122,15,0,0
BRDA:122,15,1,0
BRDA:131,16,0,0
BRDA:131,16,1,0
BRDA:131,17,0,0
BRDA:131,17,1,0
BRDA:131,17,2,0
BRDA:143,18,0,0
BRDA:143,18,1,0
BRDA:145,19,0,0
BRDA:145,19,1,0
BRDA:149,20,0,0
BRDA:149,20,1,0
BRDA:152,21,0,0
BRDA:152,21,1,0
BRDA:152,22,0,0
BRDA:152,22,1,0
BRDA:166,23,0,0
BRDA:166,23,1,0
BRF:49
BRH:0
end_of_record
TN:
SF:server/src/middleware/validation.ts
FN:7,(anonymous_0)
FN:15,validate
FN:16,(anonymous_2)
FN:32,(anonymous_3)
FN:36,(anonymous_4)
FN:51,validateObject
FN:104,validateType
FN:153,(anonymous_7)
FN:205,(anonymous_8)
FN:411,(anonymous_9)
FN:414,(anonymous_10)
FN:417,(anonymous_11)
FN:428,(anonymous_12)
FN:430,(anonymous_13)
FN:454,(anonymous_14)
FN:455,(anonymous_15)
FN:456,(anonymous_16)
FN:461,(anonymous_17)
FN:464,(anonymous_18)
FNF:19
FNH:0
FNDA:0,(anonymous_0)
FNDA:0,validate
FNDA:0,(anonymous_2)
FNDA:0,(anonymous_3)
FNDA:0,(anonymous_4)
FNDA:0,validateObject
FNDA:0,validateType
FNDA:0,(anonymous_7)
FNDA:0,(anonymous_8)
FNDA:0,(anonymous_9)
FNDA:0,(anonymous_10)
FNDA:0,(anonymous_11)
FNDA:0,(anonymous_12)
FNDA:0,(anonymous_13)
FNDA:0,(anonymous_14)
FNDA:0,(anonymous_15)
FNDA:0,(anonymous_16)
FNDA:0,(anonymous_17)
FNDA:0,(anonymous_18)
DA:8,0
DA:9,0
DA:10,0
DA:11,0
DA:16,0
DA:17,0
DA:18,0
DA:20,0
DA:21,0
DA:24,0
DA:25,0
DA:28,0
DA:29,0
DA:31,0
DA:32,0
DA:33,0
DA:36,0
DA:39,0
DA:42,0
DA:43,0
DA:52,0
DA:53,0
DA:55,0
DA:56,0
DA:57,0
DA:60,0
DA:61,0
DA:64,0
DA:65,0
DA:66,0
DA:69,0
DA:70,0
DA:71,0
DA:72,0
DA:74,0
DA:75,0
DA:77,0
DA:78,0
DA:80,0
DA:81,0
DA:85,0
DA:86,0
DA:87,0
DA:88,0
DA:90,0
DA:91,0
DA:95,0
DA:96,0
DA:97,0
DA:98,0
DA:105,0
DA:107,0
DA:109,0
DA:111,0
DA:113,0
DA:115,0
DA:116,0
DA:117,0
DA:120,0
DA:123,0
DA:125,0
DA:127,0
DA:131,0
DA:154,0
DA:155,0
DA:157,0
DA:206,0
DA:207,0
DA:209,0
DA:317,0
DA:324,0
DA:373,0
DA:397,0
DA:411,0
DA:412,0
DA:413,0
DA:414,0
DA:415,0
DA:417,0
DA:423,0
DA:425,0
DA:428,0
DA:430,0
DA:431,0
DA:438,0
DA:439,0
DA:440,0
DA:444,0
DA:445,0
DA:446,0
DA:447,0
DA:451,0
DA:454,0
DA:455,0
DA:456,0
DA:457,0
DA:458,0
DA:459,0
DA:461,0
DA:462,0
DA:464,0
LF:101
LH:0
BRDA:20,0,0,0
BRDA:20,0,1,0
BRDA:24,1,0,0
BRDA:24,1,1,0
BRDA:28,2,0,0
BRDA:28,2,1,0
BRDA:31,3,0,0
BRDA:31,3,1,0
BRDA:55,4,0,0
BRDA:55,4,1,0
BRDA:55,5,0,0
BRDA:55,5,1,0
BRDA:55,5,2,0
BRDA:55,5,3,0
BRDA:60,6,0,0
BRDA:60,6,1,0
BRDA:60,7,0,0
BRDA:60,7,1,0
BRDA:64,8,0,0
BRDA:64,8,1,0
BRDA:69,9,0,0
BRDA:69,9,1,0
BRDA:71,10,0,0
BRDA:71,10,1,0
BRDA:71,11,0,0
BRDA:71,11,1,0
BRDA:74,12,0,0
BRDA:74,12,1,0
BRDA:74,13,0,0
BRDA:74,13,1,0
BRDA:77,14,0,0
BRDA:77,14,1,0
BRDA:77,15,0,0
BRDA:77,15,1,0
BRDA:80,16,0,0
BRDA:80,16,1,0
BRDA:80,17,0,0
BRDA:80,17,1,0
BRDA:85,18,0,0
BRDA:85,18,1,0
BRDA:87,19,0,0
BRDA:87,19,1,0
BRDA:87,20,0,0
BRDA:87,20,1,0
BRDA:90,21,0,0
BRDA:90,21,1,0
BRDA:90,22,0,0
BRDA:90,22,1,0
BRDA:95,23,0,0
BRDA:95,23,1,0
BRDA:97,24,0,0
BRDA:97,24,1,0
BRDA:105,25,0,0
BRDA:105,25,1,0
BRDA:105,25,2,0
BRDA:105,25,3,0
BRDA:105,25,4,0
BRDA:105,25,5,0
BRDA:105,25,6,0
BRDA:105,25,7,0
BRDA:109,26,0,0
BRDA:109,26,1,0
BRDA:111,27,0,0
BRDA:111,27,1,0
BRDA:111,27,2,0
BRDA:113,28,0,0
BRDA:113,28,1,0
BRDA:123,29,0,0
BRDA:123,29,1,0
BRDA:123,29,2,0
BRDA:154,30,0,0
BRDA:154,30,1,0
BRDA:154,31,0,0
BRDA:154,31,1,0
BRDA:206,32,0,0
BRDA:206,32,1,0
BRDA:206,33,0,0
BRDA:206,33,1,0
BRDA:206,33,2,0
BRDA:413,34,0,0
BRDA:413,34,1,0
BRDA:418,35,0,0
BRDA:418,35,1,0
BRDA:420,36,0,0
BRDA:420,36,1,0
BRDA:439,37,0,0
BRDA:439,37,1,0
BRDA:444,38,0,0
BRDA:444,38,1,0
BRDA:444,39,0,0
BRDA:444,39,1,0
BRDA:446,40,0,0
BRDA:446,40,1,0
BRDA:458,41,0,0
BRDA:458,41,1,0
BRDA:465,42,0,0
BRDA:465,42,1,0
BRDA:467,43,0,0
BRDA:467,43,1,0
BRF:99
BRH:0
end_of_record
TN:
SF:server/src/migrations/1702340575345-CreateEventsTable.ts
FN:3,(anonymous_0)
FN:59,(anonymous_1)
FNF:2
FNH:0
FNDA:0,(anonymous_0)
FNDA:0,(anonymous_1)
DA:4,0
DA:60,0
LF:2
LH:0
BRF:0
BRH:0
end_of_record
TN:
SF:server/src/models/AdaptiveRegion.ts
FN:1,(anonymous_0)
FN:7,(anonymous_1)
FNF:2
FNH:0
FNDA:0,(anonymous_0)
FNDA:0,(anonymous_1)
DA:1,0
DA:2,0
DA:3,0
DA:4,0
DA:5,0
DA:7,0
DA:8,0
DA:11,0
DA:16,0
DA:20,0
DA:24,0
DA:28,0
LF:12
LH:0
BRDA:1,0,0,0
BRDA:1,0,1,0
BRDA:1,0,2,0
BRDA:2,1,0,0
BRDA:2,1,1,0
BRDA:2,2,0,0
BRDA:2,2,1,0
BRDA:3,3,0,0
BRDA:3,3,1,0
BRDA:3,4,0,0
BRDA:3,4,1,0
BRDA:4,5,0,0
BRDA:4,5,1,0
BRDA:4,6,0,0
BRDA:4,6,1,0
BRDA:4,7,0,0
BRDA:4,7,1,0
BRDA:4,8,0,0
BRDA:4,8,1,0
BRDA:5,9,0,0
BRDA:5,9,1,0
BRDA:5,9,2,0
BRDA:7,10,0,0
BRDA:7,10,1,0
BRDA:7,10,2,0
BRDA:8,11,0,0
BRDA:8,11,1,0
BRDA:8,12,0,0
BRDA:8,12,1,0
BRF:29
BRH:0
end_of_record
TN:
SF:server/src/models/AuditLog.ts
FN:1,(anonymous_0)
FN:7,(anonymous_1)
FN:39,(anonymous_2)
FN:76,(anonymous_3)
FN:85,(anonymous_4)
FNF:5
FNH:0
FNDA:0,(anonymous_0)
FNDA:0,(anonymous_1)
FNDA:0,(anonymous_2)
FNDA:0,(anonymous_3)
FNDA:0,(anonymous_4)
DA:1,0
DA:2,0
DA:3,0
DA:4,0
DA:5,0
DA:7,0
DA:8,0
DA:13,0
DA:30,0
DA:34,0
DA:38,0
DA:39,0
DA:43,0
DA:47,0
DA:51,0
DA:55,0
DA:59,0
DA:63,0
DA:67,0
DA:71,0
DA:75,0
DA:76,0
DA:80,0
DA:84,0
DA:85,0
DA:88,0
DA:92,0
LF:27
LH:0
BRDA:1,0,0,0
BRDA:1,0,1,0
BRDA:1,0,2,0
BRDA:2,1,0,0
BRDA:2,1,1,0
BRDA:2,2,0,0
BRDA:2,2,1,0
BRDA:3,3,0,0
BRDA:3,3,1,0
BRDA:3,4,0,0
BRDA:3,4,1,0
BRDA:4,5,0,0
BRDA:4,5,1,0
BRDA:4,6,0,0
BRDA:4,6,1,0
BRDA:4,7,0,0
BRDA:4,7,1,0
BRDA:4,8,0,0
BRDA:4,8,1,0
BRDA:5,9,0,0
BRDA:5,9,1,0
BRDA:5,9,2,0
BRDA:7,10,0,0
BRDA:7,10,1,0
BRDA:7,10,2,0
BRDA:8,11,0,0
BRDA:8,11,1,0
BRDA:8,12,0,0
BRDA:8,12,1,0
BRF:29
BRH:0
end_of_record
TN:
SF:server/src/models/BatchJob.ts
FN:1,(anonymous_0)
FN:7,(anonymous_1)
FNF:2
FNH:0
FNDA:0,(anonymous_0)
FNDA:0,(anonymous_1)
DA:1,0
DA:2,0
DA:3,0
DA:4,0
DA:5,0
DA:7,0
DA:8,0
DA:11,0
DA:30,0
DA:34,0
DA:38,0
DA:42,0
DA:46,0
DA:50,0
DA:54,0
DA:58,0
DA:62,0
DA:66,0
DA:70,0
DA:74,0
DA:78,0
DA:82,0
DA:86,0
DA:90,0
DA:94,0
DA:98,0
LF:26
LH:0
BRDA:1,0,0,0
BRDA:1,0,1,0
BRDA:1,0,2,0
BRDA:2,1,0,0
BRDA:2,1,1,0
BRDA:2,2,0,0
BRDA:2,2,1,0
BRDA:3,3,0,0
BRDA:3,3,1,0
BRDA:3,4,0,0
BRDA:3,4,1,0
BRDA:4,5,0,0
BRDA:4,5,1,0
BRDA:4,6,0,0
BRDA:4,6,1,0
BRDA:4,7,0,0
BRDA:4,7,1,0
BRDA:4,8,0,0
BRDA:4,8,1,0
BRDA:5,9,0,0
BRDA:5,9,1,0
BRDA:5,9,2,0
BRDA:7,10,0,0
BRDA:7,10,1,0
BRDA:7,10,2,0
BRDA:8,11,0,0
BRDA:8,11,1,0
BRDA:8,12,0,0
BRDA:8,12,1,0
BRF:29
BRH:0
end_of_record
TN:
SF:server/src/models/DetectionConfig.ts
FN:1,(anonymous_0)
FN:7,(anonymous_1)
FNF:2
FNH:0
FNDA:0,(anonymous_0)
FNDA:0,(anonymous_1)
DA:1,0
DA:2,0
DA:3,0
DA:4,0
DA:5,0
DA:7,0
DA:8,0
DA:11,0
DA:18,0
DA:22,0
DA:26,0
DA:47,0
DA:51,0
DA:55,0
LF:14
LH:0
BRDA:1,0,0,0
BRDA:1,0,1,0
BRDA:1,0,2,0
BRDA:2,1,0,0
BRDA:2,1,1,0
BRDA:2,2,0,0
BRDA:2,2,1,0
BRDA:3,3,0,0
BRDA:3,3,1,0
BRDA:3,4,0,0
BRDA:3,4,1,0
BRDA:4,5,0,0
BRDA:4,5,1,0
BRDA:4,6,0,0
BRDA:4,6,1,0
BRDA:4,7,0,0
BRDA:4,7,1,0
BRDA:4,8,0,0
BRDA:4,8,1,0
BRDA:5,9,0,0
BRDA:5,9,1,0
BRDA:5,9,2,0
BRDA:7,10,0,0
BRDA:7,10,1,0
BRDA:7,10,2,0
BRDA:8,11,0,0
BRDA:8,11,1,0
BRDA:8,12,0,0
BRDA:8,12,1,0
BRF:29
BRH:0
end_of_record
TN:
SF:server/src/models/Event.ts
FN:1,(anonymous_0)
FN:7,(anonymous_1)
FNF:2
FNH:0
FNDA:0,(anonymous_0)
FNDA:0,(anonymous_1)
DA:1,0
DA:2,0
DA:3,0
DA:4,0
DA:5,0
DA:7,0
DA:8,0
DA:11,0
DA:28,0
DA:32,0
DA:40,0
DA:48,0
DA:57,0
DA:61,0
DA:70,0
DA:78,0
DA:87,0
DA:95,0
DA:103,0
DA:111,0
DA:119,0
DA:128,0
DA:137,0
DA:141,0
LF:24
LH:0
BRDA:1,0,0,0
BRDA:1,0,1,0
BRDA:1,0,2,0
BRDA:2,1,0,0
BRDA:2,1,1,0
BRDA:2,2,0,0
BRDA:2,2,1,0
BRDA:3,3,0,0
BRDA:3,3,1,0
BRDA:3,4,0,0
BRDA:3,4,1,0
BRDA:4,5,0,0
BRDA:4,5,1,0
BRDA:4,6,0,0
BRDA:4,6,1,0
BRDA:4,7,0,0
BRDA:4,7,1,0
BRDA:4,8,0,0
BRDA:4,8,1,0
BRDA:5,9,0,0
BRDA:5,9,1,0
BRDA:5,9,2,0
BRDA:7,10,0,0
BRDA:7,10,1,0
BRDA:7,10,2,0
BRDA:8,11,0,0
BRDA:8,11,1,0
BRDA:8,12,0,0
BRDA:8,12,1,0
BRF:29
BRH:0
end_of_record
TN:
SF:server/src/models/PasswordHistory.ts
FN:1,(anonymous_0)
FN:7,(anonymous_1)
FN:29,(anonymous_2)
FNF:3
FNH:0
FNDA:0,(anonymous_0)
FNDA:0,(anonymous_1)
FNDA:0,(anonymous_2)
DA:1,0
DA:2,0
DA:3,0
DA:4,0
DA:5,0
DA:7,0
DA:8,0
DA:13,0
DA:20,0
DA:24,0
DA:28,0
DA:29,0
DA:33,0
DA:37,0
DA:41,0
LF:15
LH:0
BRDA:1,0,0,0
BRDA:1,0,1,0
BRDA:1,0,2,0
BRDA:2,1,0,0
BRDA:2,1,1,0
BRDA:2,2,0,0
BRDA:2,2,1,0
BRDA:3,3,0,0
BRDA:3,3,1,0
BRDA:3,4,0,0
BRDA:3,4,1,0
BRDA:4,5,0,0
BRDA:4,5,1,0
BRDA:4,6,0,0
BRDA:4,6,1,0
BRDA:4,7,0,0
BRDA:4,7,1,0
BRDA:4,8,0,0
BRDA:4,8,1,0
BRDA:5,9,0,0
BRDA:5,9,1,0
BRDA:5,9,2,0
BRDA:7,10,0,0
BRDA:7,10,1,0
BRDA:7,10,2,0
BRDA:8,11,0,0
BRDA:8,11,1,0
BRDA:8,12,0,0
BRDA:8,12,1,0
BRF:29
BRH:0
end_of_record
TN:
SF:server/src/models/ProcessedImage.ts
FN:1,(anonymous_0)
FN:7,(anonymous_1)
FN:41,(anonymous_2)
FN:98,(anonymous_3)
FNF:4
FNH:0
FNDA:0,(anonymous_0)
FNDA:0,(anonymous_1)
FNDA:0,(anonymous_2)
FNDA:0,(anonymous_3)
DA:1,0
DA:2,0
DA:3,0
DA:4,0
DA:5,0
DA:7,0
DA:8,0
DA:12,0
DA:32,0
DA:36,0
DA:40,0
DA:41,0
DA:45,0
DA:49,0
DA:53,0
DA:57,0
DA:61,0
DA:65,0
DA:69,0
DA:73,0
DA:77,0
DA:81,0
DA:85,0
DA:89,0
DA:93,0
DA:97,0
DA:98,0
DA:101,0
DA:105,0
LF:29
LH:0
BRDA:1,0,0,0
BRDA:1,0,1,0
BRDA:1,0,2,0
BRDA:2,1,0,0
BRDA:2,1,1,0
BRDA:2,2,0,0
BRDA:2,2,1,0
BRDA:3,3,0,0
BRDA:3,3,1,0
BRDA:3,4,0,0
BRDA:3,4,1,0
BRDA:4,5,0,0
BRDA:4,5,1,0
BRDA:4,6,0,0
BRDA:4,6,1,0
BRDA:4,7,0,0
BRDA:4,7,1,0
BRDA:4,8,0,0
BRDA:4,8,1,0
BRDA:5,9,0,0
BRDA:5,9,1,0
BRDA:5,9,2,0
BRDA:7,10,0,0
BRDA:7,10,1,0
BRDA:7,10,2,0
BRDA:8,11,0,0
BRDA:8,11,1,0
BRDA:8,12,0,0
BRDA:8,12,1,0
BRF:29
BRH:0
end_of_record
TN:
SF:server/src/models/RetentionPolicy.ts
FN:1,(anonymous_0)
FN:7,(anonymous_1)
FNF:2
FNH:0
FNDA:0,(anonymous_0)
FNDA:0,(anonymous_1)
DA:1,0
DA:2,0
DA:3,0
DA:4,0
DA:5,0
DA:7,0
DA:8,0
DA:11,0
DA:23,0
DA:27,0
DA:31,0
DA:35,0
DA:39,0
DA:43,0
DA:47,0
DA:51,0
DA:55,0
DA:59,0
DA:63,0
LF:19
LH:0
BRDA:1,0,0,0
BRDA:1,0,1,0
BRDA:1,0,2,0
BRDA:2,1,0,0
BRDA:2,1,1,0
BRDA:2,2,0,0
BRDA:2,2,1,0
BRDA:3,3,0,0
BRDA:3,3,1,0
BRDA:3,4,0,0
BRDA:3,4,1,0
BRDA:4,5,0,0
BRDA:4,5,1,0
BRDA:4,6,0,0
BRDA:4,6,1,0
BRDA:4,7,0,0
BRDA:4,7,1,0
BRDA:4,8,0,0
BRDA:4,8,1,0
BRDA:5,9,0,0
BRDA:5,9,1,0
BRDA:5,9,2,0
BRDA:7,10,0,0
BRDA:7,10,1,0
BRDA:7,10,2,0
BRDA:8,11,0,0
BRDA:8,11,1,0
BRDA:8,12,0,0
BRDA:8,12,1,0
BRF:29
BRH:0
end_of_record
TN:
SF:server/src/models/ReviewSegment.ts
FN:1,(anonymous_0)
FN:7,(anonymous_1)
FNF:2
FNH:0
FNDA:0,(anonymous_0)
FNDA:0,(anonymous_1)
DA:1,0
DA:2,0
DA:3,0
DA:4,0
DA:5,0
DA:7,0
DA:8,0
DA:11,0
DA:24,0
DA:28,0
DA:32,0
DA:36,0
DA:40,0
DA:44,0
DA:48,0
DA:52,0
DA:56,0
DA:60,0
DA:64,0
DA:68,0
LF:20
LH:0
BRDA:1,0,0,0
BRDA:1,0,1,0
BRDA:1,0,2,0
BRDA:2,1,0,0
BRDA:2,1,1,0
BRDA:2,2,0,0
BRDA:2,2,1,0
BRDA:3,3,0,0
BRDA:3,3,1,0
BRDA:3,4,0,0
BRDA:3,4,1,0
BRDA:4,5,0,0
BRDA:4,5,1,0
BRDA:4,6,0,0
BRDA:4,6,1,0
BRDA:4,7,0,0
BRDA:4,7,1,0
BRDA:4,8,0,0
BRDA:4,8,1,0
BRDA:5,9,0,0
BRDA:5,9,1,0
BRDA:5,9,2,0
BRDA:7,10,0,0
BRDA:7,10,1,0
BRDA:7,10,2,0
BRDA:8,11,0,0
BRDA:8,11,1,0
BRDA:8,12,0,0
BRDA:8,12,1,0
BRF:29
BRH:0
end_of_record
TN:
SF:server/src/models/Role.ts
FN:1,(anonymous_0)
FN:7,(anonymous_1)
FN:36,(anonymous_2)
FN:52,(anonymous_3)
FN:52,(anonymous_4)
FNF:5
FNH:0
FNDA:0,(anonymous_0)
FNDA:0,(anonymous_1)
FNDA:0,(anonymous_2)
FNDA:0,(anonymous_3)
FNDA:0,(anonymous_4)
DA:1,0
DA:2,0
DA:3,0
DA:4,0
DA:5,0
DA:7,0
DA:8,0
DA:13,0
DA:23,0
DA:27,0
DA:31,0
DA:35,0
DA:36,0
DA:39,0
DA:43,0
DA:47,0
DA:51,0
DA:52,0
DA:55,0
LF:19
LH:0
BRDA:1,0,0,0
BRDA:1,0,1,0
BRDA:1,0,2,0
BRDA:2,1,0,0
BRDA:2,1,1,0
BRDA:2,2,0,0
BRDA:2,2,1,0
BRDA:3,3,0,0
BRDA:3,3,1,0
BRDA:3,4,0,0
BRDA:3,4,1,0
BRDA:4,5,0,0
BRDA:4,5,1,0
BRDA:4,6,0,0
BRDA:4,6,1,0
BRDA:4,7,0,0
BRDA:4,7,1,0
BRDA:4,8,0,0
BRDA:4,8,1,0
BRDA:5,9,0,0
BRDA:5,9,1,0
BRDA:5,9,2,0
BRDA:7,10,0,0
BRDA:7,10,1,0
BRDA:7,10,2,0
BRDA:8,11,0,0
BRDA:8,11,1,0
BRDA:8,12,0,0
BRDA:8,12,1,0
BRF:29
BRH:0
end_of_record
TN:
SF:server/src/models/SystemSettings.ts
FN:1,(anonymous_0)
FN:7,(anonymous_1)
FNF:2
FNH:0
FNDA:0,(anonymous_0)
FNDA:0,(anonymous_1)
DA:1,0
DA:2,0
DA:3,0
DA:4,0
DA:5,0
DA:7,0
DA:8,0
DA:11,0
DA:34,0
DA:38,0
DA:42,0
DA:46,0
DA:50,0
DA:54,0
DA:58,0
DA:62,0
DA:66,0
DA:70,0
DA:74,0
DA:78,0
DA:82,0
DA:86,0
DA:90,0
DA:94,0
DA:98,0
DA:102,0
DA:106,0
DA:110,0
DA:114,0
DA:118,0
LF:30
LH:0
BRDA:1,0,0,0
BRDA:1,0,1,0
BRDA:1,0,2,0
BRDA:2,1,0,0
BRDA:2,1,1,0
BRDA:2,2,0,0
BRDA:2,2,1,0
BRDA:3,3,0,0
BRDA:3,3,1,0
BRDA:3,4,0,0
BRDA:3,4,1,0
BRDA:4,5,0,0
BRDA:4,5,1,0
BRDA:4,6,0,0
BRDA:4,6,1,0
BRDA:4,7,0,0
BRDA:4,7,1,0
BRDA:4,8,0,0
BRDA:4,8,1,0
BRDA:5,9,0,0
BRDA:5,9,1,0
BRDA:5,9,2,0
BRDA:7,10,0,0
BRDA:7,10,1,0
BRDA:7,10,2,0
BRDA:8,11,0,0
BRDA:8,11,1,0
BRDA:8,12,0,0
BRDA:8,12,1,0
BRF:29
BRH:0
end_of_record
TN:
SF:server/src/models/Timeline.ts
FN:1,(anonymous_0)
FN:7,(anonymous_1)
FNF:2
FNH:0
FNDA:0,(anonymous_0)
FNDA:0,(anonymous_1)
DA:1,0
DA:2,0
DA:3,0
DA:4,0
DA:5,0
DA:7,0
DA:8,0
DA:11,0
DA:21,0
DA:25,0
DA:29,0
DA:33,0
DA:37,0
DA:41,0
DA:45,0
DA:49,0
DA:53,0
LF:17
LH:0
BRDA:1,0,0,0
BRDA:1,0,1,0
BRDA:1,0,2,0
BRDA:2,1,0,0
BRDA:2,1,1,0
BRDA:2,2,0,0
BRDA:2,2,1,0
BRDA:3,3,0,0
BRDA:3,3,1,0
BRDA:3,4,0,0
BRDA:3,4,1,0
BRDA:4,5,0,0
BRDA:4,5,1,0
BRDA:4,6,0,0
BRDA:4,6,1,0
BRDA:4,7,0,0
BRDA:4,7,1,0
BRDA:4,8,0,0
BRDA:4,8,1,0
BRDA:5,9,0,0
BRDA:5,9,1,0
BRDA:5,9,2,0
BRDA:7,10,0,0
BRDA:7,10,1,0
BRDA:7,10,2,0
BRDA:8,11,0,0
BRDA:8,11,1,0
BRDA:8,12,0,0
BRDA:8,12,1,0
BRF:29
BRH:0
end_of_record
TN:
SF:server/src/models/User.ts
FN:1,(anonymous_0)
FN:7,(anonymous_1)
FN:72,(anonymous_2)
FN:149,(anonymous_3)
FN:149,(anonymous_4)
FN:153,(anonymous_5)
FN:153,(anonymous_6)
FN:157,(anonymous_7)
FN:157,(anonymous_8)
FNF:9
FNH:0
FNDA:0,(anonymous_0)
FNDA:0,(anonymous_1)
FNDA:0,(anonymous_2)
FNDA:0,(anonymous_3)
FNDA:0,(anonymous_4)
FNDA:0,(anonymous_5)
FNDA:0,(anonymous_6)
FNDA:0,(anonymous_7)
FNDA:0,(anonymous_8)
DA:1,0
DA:2,0
DA:3,0
DA:4,0
DA:5,0
DA:7,0
DA:8,0
DA:17,0
DA:45,0
DA:49,0
DA:53,0
DA:57,0
DA:62,0
DA:67,0
DA:71,0
DA:72,0
DA:76,0
DA:85,0
DA:89,0
DA:94,0
DA:99,0
DA:103,0
DA:107,0
DA:111,0
DA:116,0
DA:120,0
DA:124,0
DA:128,0
DA:132,0
DA:136,0
DA:140,0
DA:144,0
DA:148,0
DA:149,0
DA:152,0
DA:153,0
DA:156,0
DA:157,0
DA:160,0
LF:39
LH:0
BRDA:1,0,0,0
BRDA:1,0,1,0
BRDA:1,0,2,0
BRDA:2,1,0,0
BRDA:2,1,1,0
BRDA:2,2,0,0
BRDA:2,2,1,0
BRDA:3,3,0,0
BRDA:3,3,1,0
BRDA:3,4,0,0
BRDA:3,4,1,0
BRDA:4,5,0,0
BRDA:4,5,1,0
BRDA:4,6,0,0
BRDA:4,6,1,0
BRDA:4,7,0,0
BRDA:4,7,1,0
BRDA:4,8,0,0
BRDA:4,8,1,0
BRDA:5,9,0,0
BRDA:5,9,1,0
BRDA:5,9,2,0
BRDA:7,10,0,0
BRDA:7,10,1,0
BRDA:7,10,2,0
BRDA:8,11,0,0
BRDA:8,11,1,0
BRDA:8,12,0,0
BRDA:8,12,1,0
BRF:29
BRH:0
end_of_record
TN:
SF:server/src/models/UserReviewStatus.ts
FN:1,(anonymous_0)
FN:7,(anonymous_1)
FNF:2
FNH:0
FNDA:0,(anonymous_0)
FNDA:0,(anonymous_1)
DA:1,0
DA:2,0
DA:3,0
DA:4,0
DA:5,0
DA:7,0
DA:8,0
DA:11,0
DA:18,0
DA:22,0
DA:26,0
DA:30,0
DA:34,0
DA:38,0
LF:14
LH:0
BRDA:1,0,0,0
BRDA:1,0,1,0
BRDA:1,0,2,0
BRDA:2,1,0,0
BRDA:2,1,1,0
BRDA:2,2,0,0
BRDA:2,2,1,0
BRDA:3,3,0,0
BRDA:3,3,1,0
BRDA:3,4,0,0
BRDA:3,4,1,0
BRDA:4,5,0,0
BRDA:4,5,1,0
BRDA:4,6,0,0
BRDA:4,6,1,0
BRDA:4,7,0,0
BRDA:4,7,1,0
BRDA:4,8,0,0
BRDA:4,8,1,0
BRDA:5,9,0,0
BRDA:5,9,1,0
BRDA:5,9,2,0
BRDA:7,10,0,0
BRDA:7,10,1,0
BRDA:7,10,2,0
BRDA:8,11,0,0
BRDA:8,11,1,0
BRDA:8,12,0,0
BRDA:8,12,1,0
BRF:29
BRH:0
end_of_record
TN:
SF:server/src/models/UserSession.ts
FN:1,(anonymous_0)
FN:7,(anonymous_1)
FN:35,(anonymous_2)
FN:48,(anonymous_3)
FN:72,(anonymous_4)
FNF:5
FNH:0
FNDA:0,(anonymous_0)
FNDA:0,(anonymous_1)
FNDA:0,(anonymous_2)
FNDA:0,(anonymous_3)
FNDA:0,(anonymous_4)
DA:1,0
DA:2,0
DA:3,0
DA:4,0
DA:5,0
DA:7,0
DA:8,0
DA:12,0
DA:26,0
DA:30,0
DA:34,0
DA:35,0
DA:39,0
DA:43,0
DA:47,0
DA:48,0
DA:51,0
DA:55,0
DA:59,0
DA:63,0
DA:67,0
DA:71,0
DA:72,0
DA:75,0
LF:24
LH:0
BRDA:1,0,0,0
BRDA:1,0,1,0
BRDA:1,0,2,0
BRDA:2,1,0,0
BRDA:2,1,1,0
BRDA:2,2,0,0
BRDA:2,2,1,0
BRDA:3,3,0,0
BRDA:3,3,1,0
BRDA:3,4,0,0
BRDA:3,4,1,0
BRDA:4,5,0,0
BRDA:4,5,1,0
BRDA:4,6,0,0
BRDA:4,6,1,0
BRDA:4,7,0,0
BRDA:4,7,1,0
BRDA:4,8,0,0
BRDA:4,8,1,0
BRDA:5,9,0,0
BRDA:5,9,1,0
BRDA:5,9,2,0
BRDA:7,10,0,0
BRDA:7,10,1,0
BRDA:7,10,2,0
BRDA:8,11,0,0
BRDA:8,11,1,0
BRDA:8,12,0,0
BRDA:8,12,1,0
BRF:29
BRH:0
end_of_record
TN:
SF:server/src/models/Visitor.ts
FN:1,(anonymous_0)
FN:7,(anonymous_1)
FNF:2
FNH:0
FNDA:0,(anonymous_0)
FNDA:0,(anonymous_1)
DA:1,0
DA:2,0
DA:3,0
DA:4,0
DA:5,0
DA:7,0
DA:8,0
DA:11,0
DA:24,0
DA:28,0
DA:32,0
DA:36,0
DA:40,0
DA:44,0
DA:48,0
DA:52,0
DA:56,0
DA:60,0
DA:64,0
DA:68,0
DA:73,0
DA:82,0
DA:86,0
DA:90,0
DA:94,0
DA:98,0
DA:102,0
DA:106,0
DA:110,0
DA:115,0
DA:131,0
DA:135,0
DA:139,0
DA:143,0
DA:147,0
DA:151,0
DA:155,0
DA:159,0
DA:163,0
DA:167,0
DA:171,0
DA:175,0
DA:179,0
DA:183,0
DA:187,0
LF:45
LH:0
BRDA:1,0,0,0
BRDA:1,0,1,0
BRDA:1,0,2,0
BRDA:2,1,0,0
BRDA:2,1,1,0
BRDA:2,2,0,0
BRDA:2,2,1,0
BRDA:3,3,0,0
BRDA:3,3,1,0
BRDA:3,4,0,0
BRDA:3,4,1,0
BRDA:4,5,0,0
BRDA:4,5,1,0
BRDA:4,6,0,0
BRDA:4,6,1,0
BRDA:4,7,0,0
BRDA:4,7,1,0
BRDA:4,8,0,0
BRDA:4,8,1,0
BRDA:5,9,0,0
BRDA:5,9,1,0
BRDA:5,9,2,0
BRDA:7,10,0,0
BRDA:7,10,1,0
BRDA:7,10,2,0
BRDA:8,11,0,0
BRDA:8,11,1,0
BRDA:8,12,0,0
BRDA:8,12,1,0
BRF:29
BRH:0
end_of_record
TN:
SF:server/src/models/index.ts
FNF:0
FNH:0
LF:0
LH:0
BRF:0
BRH:0
end_of_record
TN:
SF:server/src/monitoring/metricsCollector.ts
FN:20,(anonymous_0)
FN:25,(anonymous_1)
FN:31,(anonymous_2)
FN:33,(anonymous_3)
FN:37,(anonymous_4)
FN:41,(anonymous_5)
FN:76,(anonymous_6)
FN:89,(anonymous_7)
FN:93,(anonymous_8)
FN:97,(anonymous_9)
FN:100,(anonymous_10)
FN:103,(anonymous_11)
FN:106,(anonymous_12)
FN:109,(anonymous_13)
FN:124,(anonymous_14)
FN:141,(anonymous_15)
FN:144,(anonymous_16)
FN:154,(anonymous_17)
FN:156,(anonymous_18)
FN:198,(anonymous_19)
FN:202,(anonymous_20)
FN:205,(anonymous_21)
FN:209,(anonymous_22)
FN:213,(anonymous_23)
FN:217,(anonymous_24)
FN:220,(anonymous_25)
FN:227,(anonymous_26)
FN:235,(anonymous_27)
FN:250,(anonymous_28)
FN:250,(anonymous_29)
FN:251,(anonymous_30)
FN:253,(anonymous_31)
FN:263,(anonymous_32)
FN:267,(anonymous_33)
FN:271,(anonymous_34)
FN:275,(anonymous_35)
FNF:36
FNH:0
FNDA:0,(anonymous_0)
FNDA:0,(anonymous_1)
FNDA:0,(anonymous_2)
FNDA:0,(anonymous_3)
FNDA:0,(anonymous_4)
FNDA:0,(anonymous_5)
FNDA:0,(anonymous_6)
FNDA:0,(anonymous_7)
FNDA:0,(anonymous_8)
FNDA:0,(anonymous_9)
FNDA:0,(anonymous_10)
FNDA:0,(anonymous_11)
FNDA:0,(anonymous_12)
FNDA:0,(anonymous_13)
FNDA:0,(anonymous_14)
FNDA:0,(anonymous_15)
FNDA:0,(anonymous_16)
FNDA:0,(anonymous_17)
FNDA:0,(anonymous_18)
FNDA:0,(anonymous_19)
FNDA:0,(anonymous_20)
FNDA:0,(anonymous_21)
FNDA:0,(anonymous_22)
FNDA:0,(anonymous_23)
FNDA:0,(anonymous_24)
FNDA:0,(anonymous_25)
FNDA:0,(anonymous_26)
FNDA:0,(anonymous_27)
FNDA:0,(anonymous_28)
FNDA:0,(anonymous_29)
FNDA:0,(anonymous_30)
FNDA:0,(anonymous_31)
FNDA:0,(anonymous_32)
FNDA:0,(anonymous_33)
FNDA:0,(anonymous_34)
FNDA:0,(anonymous_35)
DA:4,0
DA:6,0
DA:7,0
DA:9,0
DA:10,0
DA:11,0
DA:12,0
DA:14,0
DA:15,0
DA:16,0
DA:17,0
DA:18,0
DA:19,0
DA:21,0
DA:22,0
DA:23,0
DA:26,0
DA:27,0
DA:29,0
DA:33,0
DA:34,0
DA:37,0
DA:38,0
DA:42,0
DA:43,0
DA:45,0
DA:46,0
DA:48,0
DA:49,0
DA:51,0
DA:52,0
DA:54,0
DA:55,0
DA:58,0
DA:68,0
DA:70,0
DA:71,0
DA:74,0
DA:77,0
DA:78,0
DA:79,0
DA:81,0
DA:90,0
DA:91,0
DA:94,0
DA:95,0
DA:98,0
DA:101,0
DA:104,0
DA:107,0
DA:110,0
DA:111,0
DA:112,0
DA:121,0
DA:122,0
DA:125,0
DA:126,0
DA:133,0
DA:134,0
DA:142,0
DA:145,0
DA:147,0
DA:148,0
DA:149,0
DA:152,0
DA:153,0
DA:154,0
DA:155,0
DA:156,0
DA:157,0
DA:158,0
DA:159,0
DA:160,0
DA:161,0
DA:162,0
DA:163,0
DA:164,0
DA:165,0
DA:169,0
DA:171,0
DA:172,0
DA:173,0
DA:176,0
DA:177,0
DA:178,0
DA:179,0
DA:181,0
DA:182,0
DA:183,0
DA:184,0
DA:185,0
DA:186,0
DA:189,0
DA:190,0
DA:191,0
DA:192,0
DA:193,0
DA:194,0
DA:196,0
DA:199,0
DA:201,0
DA:202,0
DA:204,0
DA:205,0
DA:208,0
DA:209,0
DA:212,0
DA:213,0
DA:216,0
DA:217,0
DA:220,0
DA:222,0
DA:223,0
DA:225,0
DA:228,0
DA:229,0
DA:230,0
DA:231,0
DA:233,0
DA:236,0
DA:240,0
DA:241,0
DA:250,0
DA:251,0
DA:252,0
DA:253,0
DA:254,0
DA:265,0
DA:269,0
DA:273,0
DA:276,0
DA:277,0
DA:278,0
DA:279,0
DA:280,0
DA:281,0
DA:282,0
DA:283,0
DA:284,0
LF:139
LH:0
BRDA:26,0,0,0
BRDA:26,0,1,0
BRDA:45,1,0,0
BRDA:45,1,1,0
BRDA:48,2,0,0
BRDA:48,2,1,0
BRDA:54,3,0,0
BRDA:54,3,1,0
BRDA:70,4,0,0
BRDA:70,4,1,0
BRDA:76,5,0,0
BRDA:78,6,0,0
BRDA:78,6,1,0
BRDA:133,7,0,0
BRDA:133,7,1,0
BRDA:153,8,0,0
BRDA:153,8,1,0
BRDA:182,9,0,0
BRDA:182,9,1,0
BRDA:190,10,0,0
BRDA:190,10,1,0
BRDA:198,11,0,0
BRDA:201,12,0,0
BRDA:201,12,1,0
BRDA:204,13,0,0
BRDA:204,13,1,0
BRDA:208,14,0,0
BRDA:208,14,1,0
BRDA:212,15,0,0
BRDA:212,15,1,0
BRDA:216,16,0,0
BRDA:216,16,1,0
BRDA:222,17,0,0
BRDA:222,17,1,0
BRDA:240,18,0,0
BRDA:240,18,1,0
BRF:36
BRH:0
end_of_record
TN:
SF:server/src/routes/auth.ts
FN:7,configureAuthRoutes
FN:35,(anonymous_1)
FN:103,(anonymous_2)
FN:156,(anonymous_3)
FN:199,(anonymous_4)
FN:232,(anonymous_5)
FN:272,(anonymous_6)
FNF:7
FNH:0
FNDA:0,configureAuthRoutes
FNDA:0,(anonymous_1)
FNDA:0,(anonymous_2)
FNDA:0,(anonymous_3)
FNDA:0,(anonymous_4)
FNDA:0,(anonymous_5)
FNDA:0,(anonymous_6)
DA:9,0
DA:36,0
DA:37,0
DA:38,0
DA:44,0
DA:45,0
DA:56,0
DA:57,0
DA:65,0
DA:75,0
DA:82,0
DA:83,0
DA:90,0
DA:104,0
DA:105,0
DA:106,0
DA:110,0
DA:111,0
DA:122,0
DA:123,0
DA:131,0
DA:141,0
DA:148,0
DA:149,0
DA:156,0
DA:157,0
DA:158,0
DA:159,0
DA:164,0
DA:165,0
DA:166,0
DA:171,0
DA:177,0
DA:178,0
DA:185,0
DA:200,0
DA:201,0
DA:202,0
DA:207,0
DA:208,0
DA:209,0
DA:210,0
DA:211,0
DA:217,0
DA:224,0
DA:225,0
DA:232,0
DA:233,0
DA:234,0
DA:235,0
DA:240,0
DA:241,0
DA:242,0
DA:248,0
DA:249,0
DA:252,0
DA:253,0
DA:258,0
DA:264,0
DA:265,0
DA:272,0
DA:273,0
DA:274,0
DA:284,0
DA:285,0
DA:291,0
DA:302,0
DA:303,0
LF:68
LH:0
BRDA:44,0,0,0
BRDA:44,0,1,0
BRDA:53,1,0,0
BRDA:53,1,1,0
BRDA:110,2,0,0
BRDA:110,2,1,0
BRDA:158,3,0,0
BRDA:158,3,1,0
BRDA:165,4,0,0
BRDA:165,4,1,0
BRDA:201,5,0,0
BRDA:201,5,1,0
BRDA:209,6,0,0
BRDA:209,6,1,0
BRDA:234,7,0,0
BRDA:234,7,1,0
BRDA:241,8,0,0
BRDA:241,8,1,0
BRDA:299,9,0,0
BRDA:299,9,1,0
BRF:20
BRH:0
end_of_record
TN:
SF:server/src/routes/batchDetection.ts
FN:8,(anonymous_0)
FN:58,(anonymous_1)
FN:119,(anonymous_2)
FN:145,(anonymous_3)
FN:183,(anonymous_4)
FN:193,(anonymous_5)
FN:197,(anonymous_6)
FN:207,(anonymous_7)
FN:210,(anonymous_8)
FN:215,batchDetectEvents
FN:234,getBatchProgress
FN:257,clearBatch
FNF:12
FNH:0
FNDA:0,(anonymous_0)
FNDA:0,(anonymous_1)
FNDA:0,(anonymous_2)
FNDA:0,(anonymous_3)
FNDA:0,(anonymous_4)
FNDA:0,(anonymous_5)
FNDA:0,(anonymous_6)
FNDA:0,(anonymous_7)
FNDA:0,(anonymous_8)
FNDA:0,batchDetectEvents
FNDA:0,getBatchProgress
FNDA:0,clearBatch
DA:6,0
DA:7,0
DA:9,0
DA:11,0
DA:12,0
DA:13,0
DA:27,0
DA:29,0
DA:37,0
DA:38,0
DA:39,0
DA:40,0
DA:41,0
DA:42,0
DA:43,0
DA:44,0
DA:45,0
DA:46,0
DA:47,0
DA:48,0
DA:49,0
DA:50,0
DA:52,0
DA:53,0
DA:54,0
DA:55,0
DA:57,0
DA:58,0
DA:59,0
DA:60,0
DA:61,0
DA:62,0
DA:63,0
DA:64,0
DA:67,0
DA:68,0
DA:70,0
DA:71,0
DA:73,0
DA:74,0
DA:75,0
DA:79,0
DA:87,0
DA:88,0
DA:89,0
DA:91,0
DA:95,0
DA:96,0
DA:104,0
DA:105,0
DA:106,0
DA:108,0
DA:112,0
DA:113,0
DA:114,0
DA:115,0
DA:116,0
DA:118,0
DA:119,0
DA:121,0
DA:130,0
DA:138,0
DA:139,0
DA:146,0
DA:147,0
DA:156,0
DA:157,0
DA:158,0
DA:160,0
DA:167,0
DA:173,0
DA:186,0
DA:187,0
DA:188,0
DA:189,0
DA:191,0
DA:192,0
DA:193,0
DA:195,0
DA:196,0
DA:197,0
DA:200,0
DA:201,0
DA:203,0
DA:205,0
DA:208,0
DA:211,0
DA:214,0
DA:216,0
DA:217,0
DA:218,0
DA:219,0
DA:224,0
DA:227,0
DA:228,0
DA:235,0
DA:236,0
DA:237,0
DA:238,0
DA:239,0
DA:244,0
DA:250,0
DA:251,0
DA:258,0
DA:259,0
DA:260,0
DA:261,0
DA:267,0
DA:268,0
LF:109
LH:0
BRDA:7,0,0,0
BRDA:7,0,1,0
BRDA:12,1,0,0
BRDA:12,1,1,0
BRDA:47,2,0,0
BRDA:47,2,1,0
BRDA:48,3,0,0
BRDA:48,3,1,0
BRDA:54,4,0,0
BRDA:54,4,1,0
BRDA:57,5,0,0
BRDA:57,5,1,0
BRDA:59,6,0,0
BRDA:59,6,1,0
BRDA:61,7,0,0
BRDA:61,7,1,0
BRDA:63,8,0,0
BRDA:63,8,1,0
BRDA:67,9,0,0
BRDA:67,9,1,0
BRDA:70,10,0,0
BRDA:70,10,1,0
BRDA:73,11,0,0
BRDA:73,11,1,0
BRDA:87,12,0,0
BRDA:87,12,1,0
BRDA:104,13,0,0
BRDA:104,13,1,0
BRDA:113,14,0,0
BRDA:113,14,1,0
BRDA:118,15,0,0
BRDA:118,15,1,0
BRDA:146,16,0,0
BRDA:146,16,1,0
BRDA:177,17,0,0
BRDA:177,17,1,0
BRDA:178,18,0,0
BRDA:178,18,1,0
BRDA:179,19,0,0
BRDA:179,19,1,0
BRDA:180,20,0,0
BRDA:180,20,1,0
BRDA:180,21,0,0
BRDA:180,21,1,0
BRDA:187,22,0,0
BRDA:187,22,1,0
BRDA:191,23,0,0
BRDA:191,23,1,0
BRDA:195,24,0,0
BRDA:195,24,1,0
BRDA:200,25,0,0
BRDA:200,25,1,0
BRDA:208,26,0,0
BRDA:208,26,1,0
BRDA:238,27,0,0
BRDA:238,27,1,0
BRDA:263,28,0,0
BRDA:263,28,1,0
BRF:58
BRH:0
end_of_record
TN:
SF:server/src/routes/cleanup.ts
FN:2,configureCleanupRoutes
FN:3,(anonymous_1)
FN:19,(anonymous_2)
FNF:3
FNH:0
FNDA:0,configureCleanupRoutes
FNDA:0,(anonymous_1)
FNDA:0,(anonymous_2)
DA:3,0
DA:4,0
DA:5,0
DA:6,0
DA:12,0
DA:13,0
DA:19,0
DA:20,0
DA:21,0
DA:22,0
DA:29,0
DA:30,0
LF:12
LH:0
BRF:0
BRH:0
end_of_record
TN:
SF:server/src/routes/index.ts
FN:29,validateCameraId
FN:33,validateCameraIdParam
FN:79,loadSystemSettings
FN:125,saveSystemSettings
FN:179,(anonymous_4)
FN:193,(anonymous_5)
FN:253,getStreamManager
FN:256,getMotionDetector
FN:260,getObjectDetectionService
FN:263,getFacialRecognitionService
FN:267,configureRoutes
FN:269,(anonymous_11)
FN:288,(anonymous_12)
FN:290,(anonymous_13)
FN:301,(anonymous_14)
FN:304,(anonymous_15)
FN:317,(anonymous_16)
FN:321,(anonymous_17)
FN:333,(anonymous_18)
FN:344,(anonymous_19)
FN:371,(anonymous_20)
FN:374,(anonymous_21)
FN:401,(anonymous_22)
FN:407,(anonymous_23)
FN:443,(anonymous_24)
FN:456,(anonymous_25)
FN:491,(anonymous_26)
FN:509,(anonymous_27)
FN:567,(anonymous_28)
FN:569,(anonymous_29)
FN:581,(anonymous_30)
FN:615,(anonymous_31)
FN:632,(anonymous_32)
FN:649,(anonymous_33)
FN:670,(anonymous_34)
FN:684,(anonymous_35)
FN:693,(anonymous_36)
FN:726,(anonymous_37)
FN:735,(anonymous_38)
FN:752,(anonymous_39)
FN:773,(anonymous_40)
FN:787,(anonymous_41)
FN:802,(anonymous_42)
FN:821,(anonymous_43)
FN:827,(anonymous_44)
FN:853,(anonymous_45)
FN:870,(anonymous_46)
FN:873,(anonymous_47)
FN:885,(anonymous_48)
FN:896,(anonymous_49)
FN:907,(anonymous_50)
FN:914,(anonymous_51)
FN:933,(anonymous_52)
FN:946,(anonymous_53)
FN:982,(anonymous_54)
FN:994,(anonymous_55)
FN:1016,(anonymous_56)
FN:1047,(anonymous_57)
FN:1067,(anonymous_58)
FN:1076,(anonymous_59)
FN:1089,(anonymous_60)
FN:1125,(anonymous_61)
FN:1146,(anonymous_62)
FN:1155,(anonymous_63)
FN:1168,(anonymous_64)
FN:1197,(anonymous_65)
FN:1208,(anonymous_66)
FN:1234,(anonymous_67)
FN:1252,(anonymous_68)
FN:1266,(anonymous_69)
FN:1287,(anonymous_70)
FN:1306,(anonymous_71)
FN:1315,(anonymous_72)
FN:1342,(anonymous_73)
FN:1351,(anonymous_74)
FN:1368,(anonymous_75)
FN:1387,(anonymous_76)
FN:1413,(anonymous_77)
FN:1447,(anonymous_78)
FN:1468,(anonymous_79)
FN:1483,(anonymous_80)
FN:1503,(anonymous_81)
FN:1576,(anonymous_82)
FN:1643,(anonymous_83)
FN:1647,(anonymous_84)
FN:1657,(anonymous_85)
FN:1718,(anonymous_86)
FN:1784,(anonymous_87)
FN:1803,(anonymous_88)
FN:1861,(anonymous_89)
FN:1882,(anonymous_90)
FN:1941,(anonymous_91)
FN:1947,(anonymous_92)
FN:1962,(anonymous_93)
FN:1964,(anonymous_94)
FN:1978,(anonymous_95)
FN:1993,(anonymous_96)
FN:2002,(anonymous_97)
FN:2103,(anonymous_98)
FN:2158,(anonymous_99)
FN:2243,(anonymous_100)
FN:2292,(anonymous_101)
FN:2339,(anonymous_102)
FN:2365,(anonymous_103)
FN:2437,(anonymous_104)
FN:2452,(anonymous_105)
FN:2461,(anonymous_106)
FN:2465,(anonymous_107)
FN:2469,(anonymous_108)
FN:2476,(anonymous_109)
FN:2478,(anonymous_110)
FN:2496,(anonymous_111)
FN:2514,(anonymous_112)
FN:2522,(anonymous_113)
FN:2560,(anonymous_114)
FN:2563,(anonymous_115)
FN:2564,(anonymous_116)
FN:2598,(anonymous_117)
FN:2615,(anonymous_118)
FN:2624,(anonymous_119)
FN:2660,(anonymous_120)
FN:2669,(anonymous_121)
FN:2686,(anonymous_122)
FN:2714,(anonymous_123)
FN:2783,(anonymous_124)
FN:2788,(anonymous_125)
FN:2790,(anonymous_126)
FN:2805,(anonymous_127)
FN:2809,(anonymous_128)
FN:2817,(anonymous_129)
FN:2821,(anonymous_130)
FN:2839,(anonymous_131)
FN:2843,(anonymous_132)
FN:2851,(anonymous_133)
FN:2854,(anonymous_134)
FN:2872,(anonymous_135)
FN:2886,(anonymous_136)
FN:2902,(anonymous_137)
FN:2908,(anonymous_138)
FN:2923,(anonymous_139)
FN:2929,(anonymous_140)
FN:2957,(anonymous_141)
FN:2960,(anonymous_142)
FN:2979,(anonymous_143)
FN:2990,(anonymous_144)
FN:3003,(anonymous_145)
FN:3004,(anonymous_146)
FN:3015,(anonymous_147)
FN:3027,(anonymous_148)
FN:3050,(anonymous_149)
FN:3067,(anonymous_150)
FN:3079,(anonymous_151)
FN:3096,(anonymous_152)
FN:3110,(anonymous_153)
FN:3133,(anonymous_154)
FN:3197,(anonymous_155)
FN:3265,(anonymous_156)
FN:3269,(anonymous_157)
FN:3287,(anonymous_158)
FN:3303,(anonymous_159)
FN:3304,(anonymous_160)
FN:3320,getEventsForBatch
FN:3353,(anonymous_162)
FN:3394,(anonymous_163)
FN:3478,(anonymous_164)
FN:3512,(anonymous_165)
FN:3522,(anonymous_166)
FN:3568,(anonymous_167)
FN:3602,(anonymous_168)
FN:3652,(anonymous_169)
FN:3679,(anonymous_170)
FN:3696,(anonymous_171)
FN:3704,(anonymous_172)
FN:3738,(anonymous_173)
FN:3762,(anonymous_174)
FN:3781,processBatchDetection
FN:3816,(anonymous_176)
FN:3819,(anonymous_177)
FN:3824,(anonymous_178)
FN:3846,(anonymous_179)
FN:3849,(anonymous_180)
FN:3851,(anonymous_181)
FN:3887,(anonymous_182)
FN:3915,(anonymous_183)
FN:3930,(anonymous_184)
FN:3954,(anonymous_185)
FNF:186
FNH:0
FNDA:0,validateCameraId
FNDA:0,validateCameraIdParam
FNDA:0,loadSystemSettings
FNDA:0,saveSystemSettings
FNDA:0,(anonymous_4)
FNDA:0,(anonymous_5)
FNDA:0,getStreamManager
FNDA:0,getMotionDetector
FNDA:0,getObjectDetectionService
FNDA:0,getFacialRecognitionService
FNDA:0,configureRoutes
FNDA:0,(anonymous_11)
FNDA:0,(anonymous_12)
FNDA:0,(anonymous_13)
FNDA:0,(anonymous_14)
FNDA:0,(anonymous_15)
FNDA:0,(anonymous_16)
FNDA:0,(anonymous_17)
FNDA:0,(anonymous_18)
FNDA:0,(anonymous_19)
FNDA:0,(anonymous_20)
FNDA:0,(anonymous_21)
FNDA:0,(anonymous_22)
FNDA:0,(anonymous_23)
FNDA:0,(anonymous_24)
FNDA:0,(anonymous_25)
FNDA:0,(anonymous_26)
FNDA:0,(anonymous_27)
FNDA:0,(anonymous_28)
FNDA:0,(anonymous_29)
FNDA:0,(anonymous_30)
FNDA:0,(anonymous_31)
FNDA:0,(anonymous_32)
FNDA:0,(anonymous_33)
FNDA:0,(anonymous_34)
FNDA:0,(anonymous_35)
FNDA:0,(anonymous_36)
FNDA:0,(anonymous_37)
FNDA:0,(anonymous_38)
FNDA:0,(anonymous_39)
FNDA:0,(anonymous_40)
FNDA:0,(anonymous_41)
FNDA:0,(anonymous_42)
FNDA:0,(anonymous_43)
FNDA:0,(anonymous_44)
FNDA:0,(anonymous_45)
FNDA:0,(anonymous_46)
FNDA:0,(anonymous_47)
FNDA:0,(anonymous_48)
FNDA:0,(anonymous_49)
FNDA:0,(anonymous_50)
FNDA:0,(anonymous_51)
FNDA:0,(anonymous_52)
FNDA:0,(anonymous_53)
FNDA:0,(anonymous_54)
FNDA:0,(anonymous_55)
FNDA:0,(anonymous_56)
FNDA:0,(anonymous_57)
FNDA:0,(anonymous_58)
FNDA:0,(anonymous_59)
FNDA:0,(anonymous_60)
FNDA:0,(anonymous_61)
FNDA:0,(anonymous_62)
FNDA:0,(anonymous_63)
FNDA:0,(anonymous_64)
FNDA:0,(anonymous_65)
FNDA:0,(anonymous_66)
FNDA:0,(anonymous_67)
FNDA:0,(anonymous_68)
FNDA:0,(anonymous_69)
FNDA:0,(anonymous_70)
FNDA:0,(anonymous_71)
FNDA:0,(anonymous_72)
FNDA:0,(anonymous_73)
FNDA:0,(anonymous_74)
FNDA:0,(anonymous_75)
FNDA:0,(anonymous_76)
FNDA:0,(anonymous_77)
FNDA:0,(anonymous_78)
FNDA:0,(anonymous_79)
FNDA:0,(anonymous_80)
FNDA:0,(anonymous_81)
FNDA:0,(anonymous_82)
FNDA:0,(anonymous_83)
FNDA:0,(anonymous_84)
FNDA:0,(anonymous_85)
FNDA:0,(anonymous_86)
FNDA:0,(anonymous_87)
FNDA:0,(anonymous_88)
FNDA:0,(anonymous_89)
FNDA:0,(anonymous_90)
FNDA:0,(anonymous_91)
FNDA:0,(anonymous_92)
FNDA:0,(anonymous_93)
FNDA:0,(anonymous_94)
FNDA:0,(anonymous_95)
FNDA:0,(anonymous_96)
FNDA:0,(anonymous_97)
FNDA:0,(anonymous_98)
FNDA:0,(anonymous_99)
FNDA:0,(anonymous_100)
FNDA:0,(anonymous_101)
FNDA:0,(anonymous_102)
FNDA:0,(anonymous_103)
FNDA:0,(anonymous_104)
FNDA:0,(anonymous_105)
FNDA:0,(anonymous_106)
FNDA:0,(anonymous_107)
FNDA:0,(anonymous_108)
FNDA:0,(anonymous_109)
FNDA:0,(anonymous_110)
FNDA:0,(anonymous_111)
FNDA:0,(anonymous_112)
FNDA:0,(anonymous_113)
FNDA:0,(anonymous_114)
FNDA:0,(anonymous_115)
FNDA:0,(anonymous_116)
FNDA:0,(anonymous_117)
FNDA:0,(anonymous_118)
FNDA:0,(anonymous_119)
FNDA:0,(anonymous_120)
FNDA:0,(anonymous_121)
FNDA:0,(anonymous_122)
FNDA:0,(anonymous_123)
FNDA:0,(anonymous_124)
FNDA:0,(anonymous_125)
FNDA:0,(anonymous_126)
FNDA:0,(anonymous_127)
FNDA:0,(anonymous_128)
FNDA:0,(anonymous_129)
FNDA:0,(anonymous_130)
FNDA:0,(anonymous_131)
FNDA:0,(anonymous_132)
FNDA:0,(anonymous_133)
FNDA:0,(anonymous_134)
FNDA:0,(anonymous_135)
FNDA:0,(anonymous_136)
FNDA:0,(anonymous_137)
FNDA:0,(anonymous_138)
FNDA:0,(anonymous_139)
FNDA:0,(anonymous_140)
FNDA:0,(anonymous_141)
FNDA:0,(anonymous_142)
FNDA:0,(anonymous_143)
FNDA:0,(anonymous_144)
FNDA:0,(anonymous_145)
FNDA:0,(anonymous_146)
FNDA:0,(anonymous_147)
FNDA:0,(anonymous_148)
FNDA:0,(anonymous_149)
FNDA:0,(anonymous_150)
FNDA:0,(anonymous_151)
FNDA:0,(anonymous_152)
FNDA:0,(anonymous_153)
FNDA:0,(anonymous_154)
FNDA:0,(anonymous_155)
FNDA:0,(anonymous_156)
FNDA:0,(anonymous_157)
FNDA:0,(anonymous_158)
FNDA:0,(anonymous_159)
FNDA:0,(anonymous_160)
FNDA:0,getEventsForBatch
FNDA:0,(anonymous_162)
FNDA:0,(anonymous_163)
FNDA:0,(anonymous_164)
FNDA:0,(anonymous_165)
FNDA:0,(anonymous_166)
FNDA:0,(anonymous_167)
FNDA:0,(anonymous_168)
FNDA:0,(anonymous_169)
FNDA:0,(anonymous_170)
FNDA:0,(anonymous_171)
FNDA:0,(anonymous_172)
FNDA:0,(anonymous_173)
FNDA:0,(anonymous_174)
FNDA:0,processBatchDetection
FNDA:0,(anonymous_176)
FNDA:0,(anonymous_177)
[...]
BRDA:272,43,1,0
BRDA:286,44,0,0
BRDA:286,44,1,0
BRDA:289,45,0,0
BRDA:289,45,1,0
BRDA:294,46,0,0
BRDA:294,46,1,0
BRDA:305,47,0,0
BRDA:305,47,1,0
BRDA:307,48,0,0
BRDA:307,48,1,0
BRDA:312,49,0,0
BRDA:312,49,1,0
BRDA:317,50,0,0
BRDA:317,50,1,0
BRDA:337,51,0,0
BRDA:337,51,1,0
BRDA:355,52,0,0
BRDA:355,52,1,0
BRDA:360,53,0,0
BRDA:360,53,1,0
BRDA:373,54,0,0
BRDA:373,54,1,0
BRDA:376,55,0,0
BRDA:376,55,1,0
BRDA:385,56,0,0
BRDA:385,56,1,0
BRDA:392,57,0,0
BRDA:392,57,1,0
BRDA:404,58,0,0
BRDA:404,58,1,0
BRDA:419,59,0,0
BRDA:419,59,1,0
BRDA:421,60,0,0
BRDA:421,60,1,0
BRDA:430,61,0,0
BRDA:430,61,1,0
BRDA:433,62,0,0
BRDA:433,62,1,0
BRDA:448,63,0,0
BRDA:448,63,1,0
BRDA:448,64,0,0
BRDA:448,64,1,0
BRDA:507,65,0,0
BRDA:507,65,1,0
BRDA:509,66,0,0
BRDA:509,66,1,0
BRF:135
BRH:0
end_of_record
TN:
SF:server/src/utils/asyncFileOperations.ts
FN:8,(anonymous_0)
FN:14,(anonymous_1)
FN:16,(anonymous_2)
FN:18,(anonymous_3)
FN:30,(anonymous_4)
FN:56,(anonymous_5)
FN:87,(anonymous_6)
FN:90,(anonymous_7)
FN:95,(anonymous_8)
FN:104,(anonymous_9)
FN:107,(anonymous_10)
FN:109,(anonymous_11)
FN:131,(anonymous_12)
FN:148,(anonymous_13)
FN:161,(anonymous_14)
FN:174,(anonymous_15)
FN:190,(anonymous_16)
FN:207,(anonymous_17)
FN:217,(anonymous_18)
FN:233,(anonymous_19)
FN:260,(anonymous_20)
FN:274,(anonymous_21)
FN:289,(anonymous_22)
FN:292,(anonymous_23)
FN:300,(anonymous_24)
FN:312,(anonymous_25)
FN:322,(anonymous_26)
FN:327,(anonymous_27)
FN:329,(anonymous_28)
FNF:29
FNH:0
FNDA:0,(anonymous_0)
FNDA:0,(anonymous_1)
FNDA:0,(anonymous_2)
FNDA:0,(anonymous_3)
FNDA:0,(anonymous_4)
FNDA:0,(anonymous_5)
FNDA:0,(anonymous_6)
FNDA:0,(anonymous_7)
FNDA:0,(anonymous_8)
FNDA:0,(anonymous_9)
FNDA:0,(anonymous_10)
FNDA:0,(anonymous_11)
FNDA:0,(anonymous_12)
FNDA:0,(anonymous_13)
FNDA:0,(anonymous_14)
FNDA:0,(anonymous_15)
FNDA:0,(anonymous_16)
FNDA:0,(anonymous_17)
FNDA:0,(anonymous_18)
FNDA:0,(anonymous_19)
FNDA:0,(anonymous_20)
FNDA:0,(anonymous_21)
FNDA:0,(anonymous_22)
FNDA:0,(anonymous_23)
FNDA:0,(anonymous_24)
FNDA:0,(anonymous_25)
FNDA:0,(anonymous_26)
FNDA:0,(anonymous_27)
FNDA:0,(anonymous_28)
DA:5,0
DA:6,0
DA:7,0
DA:9,0
DA:10,0
DA:12,0
DA:16,0
DA:19,0
DA:20,0
DA:21,0
DA:22,0
DA:25,0
DA:28,0
DA:29,0
DA:30,0
DA:31,0
DA:32,0
DA:34,0
DA:35,0
DA:37,0
DA:38,0
DA:40,0
DA:41,0
DA:43,0
DA:46,0
DA:47,0
DA:49,0
DA:52,0
DA:53,0
DA:57,0
DA:58,0
DA:59,0
DA:61,0
DA:62,0
DA:65,0
DA:66,0
DA:68,0
DA:69,0
DA:70,0
DA:80,0
DA:84,0
DA:88,0
DA:90,0
DA:91,0
DA:92,0
DA:96,0
DA:97,0
DA:100,0
DA:101,0
DA:105,0
DA:107,0
DA:110,0
DA:111,0
DA:113,0
DA:115,0
DA:116,0
DA:118,0
DA:120,0
DA:121,0
DA:123,0
DA:124,0
DA:127,0
DA:128,0
DA:132,0
DA:133,0
DA:135,0
DA:136,0
DA:139,0
DA:141,0
DA:144,0
DA:145,0
DA:149,0
DA:150,0
DA:152,0
DA:153,0
DA:154,0
DA:157,0
DA:158,0
DA:162,0
DA:163,0
DA:165,0
DA:166,0
DA:167,0
DA:170,0
DA:171,0
DA:175,0
DA:176,0
DA:178,0
DA:179,0
DA:180,0
DA:181,0
DA:183,0
DA:186,0
DA:187,0
DA:191,0
DA:192,0
DA:194,0
DA:195,0
DA:196,0
DA:197,0
DA:198,0
DA:200,0
DA:203,0
DA:204,0
DA:208,0
DA:209,0
DA:210,0
DA:213,0
DA:214,0
DA:218,0
DA:219,0
DA:220,0
DA:221,0
DA:222,0
DA:223,0
DA:226,0
DA:229,0
DA:230,0
DA:234,0
DA:235,0
DA:236,0
DA:237,0
DA:238,0
DA:239,0
DA:240,0
DA:242,0
DA:243,0
DA:246,0
DA:247,0
DA:248,0
DA:249,0
DA:253,0
DA:256,0
DA:257,0
DA:262,0
DA:263,0
DA:264,0
DA:265,0
DA:268,0
DA:275,0
DA:276,0
DA:277,0
DA:278,0
DA:279,0
DA:282,0
DA:283,0
DA:285,0
DA:286,0
DA:290,0
DA:293,0
DA:301,0
DA:302,0
DA:303,0
DA:304,0
DA:305,0
DA:308,0
DA:309,0
DA:313,0
DA:314,0
DA:315,0
DA:318,0
DA:319,0
DA:323,0
DA:327,0
DA:330,0
DA:331,0
DA:332,0
DA:335,0
LF:168
LH:0
BRDA:9,0,0,0
BRDA:9,0,1,0
BRDA:18,1,0,0
BRDA:21,2,0,0
BRDA:21,2,1,0
BRDA:28,3,0,0
BRDA:28,3,1,0
BRDA:29,4,0,0
BRDA:29,4,1,0
BRDA:32,5,0,0
BRDA:32,5,1,0
BRDA:32,5,2,0
BRDA:43,6,0,0
BRDA:43,6,1,0
BRDA:46,7,0,0
BRDA:46,7,1,0
BRDA:46,8,0,0
BRDA:46,8,1,0
BRDA:61,9,0,0
BRDA:61,9,1,0
BRDA:61,10,0,0
BRDA:61,10,1,0
BRDA:65,11,0,0
BRDA:65,11,1,0
BRDA:65,12,0,0
BRDA:65,12,1,0
BRDA:104,13,0,0
BRDA:113,14,0,0
BRDA:113,14,1,0
BRDA:113,15,0,0
BRDA:113,15,1,0
BRDA:115,16,0,0
BRDA:115,16,1,0
BRDA:135,17,0,0
BRDA:135,17,1,0
BRDA:180,18,0,0
BRDA:180,18,1,0
BRDA:196,19,0,0
BRDA:196,19,1,0
BRDA:222,20,0,0
BRDA:222,20,1,0
BRDA:239,21,0,0
BRDA:239,21,1,0
BRDA:242,22,0,0
BRDA:242,22,1,0
BRDA:242,23,0,0
BRDA:242,23,1,0
BRDA:247,24,0,0
BRDA:247,24,1,0
BRDA:248,25,0,0
BRDA:248,25,1,0
BRDA:262,26,0,0
BRDA:262,26,1,0
BRDA:264,27,0,0
BRDA:264,27,1,0
BRDA:278,28,0,0
BRDA:278,28,1,0
BRDA:285,29,0,0
BRDA:285,29,1,0
BRDA:302,30,0,0
BRDA:302,30,1,0
BRDA:322,31,0,0
BRF:62
BRH:0
end_of_record
TN:
SF:server/src/utils/auditLogger.ts
FN:11,(anonymous_0)
FN:20,(anonymous_1)
FN:36,(anonymous_2)
FN:62,(anonymous_3)
FN:70,(anonymous_4)
FN:80,(anonymous_5)
FN:87,(anonymous_6)
FN:91,(anonymous_7)
FN:95,(anonymous_8)
FN:98,(anonymous_9)
FN:102,(anonymous_10)
FN:119,(anonymous_11)
FN:120,(anonymous_12)
FN:127,(anonymous_13)
FNF:14
FNH:0
FNDA:0,(anonymous_0)
FNDA:0,(anonymous_1)
FNDA:0,(anonymous_2)
FNDA:0,(anonymous_3)
FNDA:0,(anonymous_4)
FNDA:0,(anonymous_5)
FNDA:0,(anonymous_6)
FNDA:0,(anonymous_7)
FNDA:0,(anonymous_8)
FNDA:0,(anonymous_9)
FNDA:0,(anonymous_10)
FNDA:0,(anonymous_11)
FNDA:0,(anonymous_12)
FNDA:0,(anonymous_13)
DA:6,0
DA:7,0
DA:10,0
DA:12,0
DA:14,0
DA:15,0
DA:17,0
DA:21,0
DA:22,0
DA:23,0
DA:24,0
DA:25,0
DA:26,0
DA:27,0
DA:32,0
DA:37,0
DA:38,0
DA:39,0
DA:40,0
DA:43,0
DA:46,0
DA:47,0
DA:49,0
DA:50,0
DA:52,0
DA:53,0
DA:55,0
DA:56,0
DA:58,0
DA:63,0
DA:67,0
DA:71,0
DA:81,0
DA:89,0
DA:93,0
DA:96,0
DA:99,0
DA:103,0
DA:120,0
DA:121,0
DA:122,0
DA:124,0
DA:125,0
DA:126,0
DA:127,0
DA:128,0
DA:129,0
DA:130,0
DA:136,0
DA:138,0
DA:143,0
DA:146,0
LF:52
LH:0
BRDA:14,0,0,0
BRDA:14,0,1,0
BRDA:22,1,0,0
BRDA:22,1,1,0
BRDA:24,2,0,0
BRDA:24,2,1,0
BRDA:46,3,0,0
BRDA:46,3,1,0
BRDA:47,4,0,0
BRDA:47,4,1,0
BRDA:47,4,2,0
BRDA:47,4,3,0
BRDA:81,5,0,0
BRDA:81,5,1,0
BRDA:81,5,2,0
BRDA:81,5,3,0
BRDA:81,5,4,0
BRDA:89,6,0,0
BRDA:89,6,1,0
BRDA:93,7,0,0
BRDA:93,7,1,0
BRDA:96,8,0,0
BRDA:96,8,1,0
BRDA:104,9,0,0
BRDA:104,9,1,0
BRDA:124,10,0,0
BRDA:124,10,1,0
BRDA:134,11,0,0
BRDA:134,11,1,0
BRF:29
BRH:0
end_of_record
TN:
SF:server/src/utils/cameraTest.ts
FN:4,testCameraConnection
FNF:1
FNH:0
FNDA:0,testCameraConnection
DA:3,0
DA:5,0
DA:7,0
DA:8,0
DA:9,0
DA:10,0
DA:11,0
DA:12,0
DA:13,0
DA:17,0
DA:18,0
DA:21,0
DA:22,0
DA:25,0
DA:26,0
LF:15
LH:0
BRDA:8,0,0,0
BRDA:8,0,1,0
BRDA:8,1,0,0
BRDA:8,1,1,0
BRDA:10,2,0,0
BRDA:10,2,1,0
BRF:6
BRH:0
end_of_record
TN:
SF:server/src/utils/credentialManager.ts
FN:10,(anonymous_0)
FN:30,(anonymous_1)
FN:35,(anonymous_2)
FN:59,(anonymous_3)
FN:61,(anonymous_4)
FN:85,(anonymous_5)
FN:88,(anonymous_6)
FN:89,(anonymous_7)
FN:112,(anonymous_8)
FN:114,(anonymous_9)
FN:139,(anonymous_10)
FN:142,(anonymous_11)
FN:149,(anonymous_12)
FN:162,(anonymous_13)
FN:172,(anonymous_14)
FN:200,(anonymous_15)
FNF:16
FNH:0
FNDA:0,(anonymous_0)
FNDA:0,(anonymous_1)
FNDA:0,(anonymous_2)
FNDA:0,(anonymous_3)
FNDA:0,(anonymous_4)
FNDA:0,(anonymous_5)
FNDA:0,(anonymous_6)
FNDA:0,(anonymous_7)
FNDA:0,(anonymous_8)
FNDA:0,(anonymous_9)
FNDA:0,(anonymous_10)
FNDA:0,(anonymous_11)
FNDA:0,(anonymous_12)
FNDA:0,(anonymous_13)
FNDA:0,(anonymous_14)
FNDA:0,(anonymous_15)
DA:5,0
DA:6,0
DA:8,0
DA:9,0
DA:11,0
DA:12,0
DA:17,0
DA:18,0
DA:19,0
DA:20,0
DA:23,0
DA:24,0
DA:31,0
DA:32,0
DA:33,0
DA:36,0
DA:37,0
DA:42,0
DA:48,0
DA:57,0
DA:60,0
DA:61,0
DA:62,0
DA:63,0
DA:65,0
DA:66,0
DA:67,0
DA:81,0
DA:82,0
DA:86,0
DA:87,0
DA:88,0
DA:90,0
DA:91,0
DA:92,0
DA:106,0
DA:107,0
DA:113,0
DA:114,0
DA:115,0
DA:116,0
DA:118,0
DA:119,0
DA:120,0
DA:127,0
DA:128,0
DA:136,0
DA:137,0
DA:140,0
DA:141,0
DA:142,0
DA:143,0
DA:144,0
DA:145,0
DA:147,0
DA:150,0
DA:151,0
DA:152,0
DA:154,0
DA:157,0
DA:158,0
DA:160,0
DA:163,0
DA:164,0
DA:165,0
DA:168,0
DA:169,0
DA:173,0
DA:174,0
DA:175,0
DA:177,0
DA:178,0
DA:179,0
DA:180,0
DA:181,0
DA:197,0
DA:198,0
DA:200,0
DA:209,0
DA:210,0
DA:213,0
LF:81
LH:0
BRDA:11,0,0,0
BRDA:11,0,1,0
BRDA:62,1,0,0
BRDA:62,1,1,0
BRDA:77,2,0,0
BRDA:77,2,1,0
BRDA:102,3,0,0
BRDA:102,3,1,0
BRDA:115,4,0,0
BRDA:115,4,1,0
BRDA:122,5,0,0
BRDA:122,5,1,0
BRDA:123,6,0,0
BRDA:123,6,1,0
BRDA:124,7,0,0
BRDA:124,7,1,0
BRDA:125,8,0,0
BRDA:125,8,1,0
BRDA:130,9,0,0
BRDA:130,9,1,0
BRDA:131,10,0,0
BRDA:131,10,1,0
BRDA:134,11,0,0
BRDA:134,11,1,0
BRDA:143,12,0,0
BRDA:143,12,1,0
BRDA:151,13,0,0
BRDA:151,13,1,0
BRDA:157,14,0,0
BRDA:157,14,1,0
BRDA:157,15,0,0
BRDA:157,15,1,0
BRDA:174,16,0,0
BRDA:174,16,1,0
BRDA:180,17,0,0
BRDA:180,17,1,0
BRDA:180,18,0,0
BRDA:180,18,1,0
BRF:38
BRH:0
end_of_record
TN:
SF:server/src/utils/cronJobs.ts
FN:13,generateDailyReport
FN:26,(anonymous_1)
FN:32,(anonymous_2)
FN:34,(anonymous_3)
FN:43,(anonymous_4)
FN:51,(anonymous_5)
FN:61,(anonymous_6)
FN:64,(anonymous_7)
FN:89,startCronJobs
FN:91,(anonymous_9)
FN:96,(anonymous_10)
FN:101,(anonymous_11)
FN:108,cleanupOldFiles
FN:158,checkCameraHealth
FN:169,(anonymous_14)
FN:184,(anonymous_15)
FNF:16
FNH:0
FNDA:0,generateDailyReport
FNDA:0,(anonymous_1)
FNDA:0,(anonymous_2)
FNDA:0,(anonymous_3)
FNDA:0,(anonymous_4)
FNDA:0,(anonymous_5)
FNDA:0,(anonymous_6)
FNDA:0,(anonymous_7)
FNDA:0,startCronJobs
FNDA:0,(anonymous_9)
FNDA:0,(anonymous_10)
FNDA:0,(anonymous_11)
FNDA:0,cleanupOldFiles
FNDA:0,checkCameraHealth
FNDA:0,(anonymous_14)
FNDA:0,(anonymous_15)
DA:8,0
DA:9,0
DA:11,0
DA:15,0
DA:18,0
DA:19,0
DA:20,0
DA:21,0
DA:25,0
DA:26,0
DA:27,0
DA:30,0
DA:31,0
DA:32,0
DA:34,0
DA:35,0
DA:36,0
DA:38,0
DA:39,0
DA:42,0
DA:43,0
DA:50,0
DA:51,0
DA:52,0
DA:53,0
DA:57,0
DA:61,0
DA:64,0
DA:73,0
DA:75,0
DA:82,0
DA:91,0
DA:93,0
DA:96,0
DA:98,0
DA:101,0
DA:103,0
DA:109,0
DA:110,0
DA:111,0
DA:113,0
DA:114,0
DA:115,0
DA:116,0
DA:117,0
DA:120,0
DA:126,0
DA:132,0
DA:133,0
DA:134,0
DA:135,0
DA:137,0
DA:139,0
DA:141,0
DA:146,0
DA:150,0
DA:154,0
DA:159,0
DA:161,0
DA:162,0
DA:163,0
DA:164,0
DA:166,0
DA:169,0
DA:171,0
DA:176,0
DA:180,0
DA:184,0
LF:68
LH:0
BRDA:19,0,0,0
BRDA:19,0,1,0
BRDA:35,1,0,0
BRDA:35,1,1,0
BRDA:63,2,0,0
BRDA:63,2,1,0
BRDA:115,3,0,0
BRDA:115,3,1,0
BRDA:162,4,0,0
BRDA:162,4,1,0
BRDA:171,5,0,0
BRDA:171,5,1,0
BRF:12
BRH:0
end_of_record
TN:
SF:server/src/utils/databaseSecurity.ts
FN:5,(anonymous_0)
FN:13,(anonymous_1)
FN:25,(anonymous_2)
FN:28,(anonymous_3)
FN:45,(anonymous_4)
FN:54,(anonymous_5)
FN:76,(anonymous_6)
FN:87,(anonymous_7)
FN:91,(anonymous_8)
FN:96,(anonymous_9)
FN:100,(anonymous_10)
FN:122,(anonymous_11)
FN:140,(anonymous_12)
FN:149,(anonymous_13)
FN:164,(anonymous_14)
FN:175,(anonymous_15)
FN:187,(anonymous_16)
FNF:17
FNH:0
FNDA:0,(anonymous_0)
FNDA:0,(anonymous_1)
FNDA:0,(anonymous_2)
FNDA:0,(anonymous_3)
FNDA:0,(anonymous_4)
FNDA:0,(anonymous_5)
FNDA:0,(anonymous_6)
FNDA:0,(anonymous_7)
FNDA:0,(anonymous_8)
FNDA:0,(anonymous_9)
FNDA:0,(anonymous_10)
FNDA:0,(anonymous_11)
FNDA:0,(anonymous_12)
FNDA:0,(anonymous_13)
FNDA:0,(anonymous_14)
FNDA:0,(anonymous_15)
FNDA:0,(anonymous_16)
DA:6,0
DA:7,0
DA:9,0
DA:10,0
DA:12,0
DA:13,0
DA:15,0
DA:16,0
DA:17,0
DA:18,0
DA:20,0
DA:22,0
DA:27,0
DA:29,0
DA:30,0
DA:31,0
DA:32,0
DA:33,0
DA:34,0
DA:35,0
DA:39,0
DA:40,0
DA:47,0
DA:48,0
DA:49,0
DA:51,0
DA:56,0
DA:67,0
DA:68,0
DA:69,0
DA:70,0
DA:73,0
DA:77,0
DA:78,0
DA:81,0
DA:82,0
DA:83,0
DA:85,0
DA:87,0
DA:93,0
DA:97,0
DA:101,0
DA:102,0
DA:104,0
DA:105,0
DA:106,0
DA:108,0
DA:109,0
DA:110,0
DA:111,0
DA:112,0
DA:115,0
DA:117,0
DA:119,0
DA:124,0
DA:131,0
DA:132,0
DA:133,0
DA:134,0
DA:137,0
DA:142,0
DA:150,0
DA:151,0
DA:152,0
DA:154,0
DA:155,0
DA:156,0
DA:158,0
DA:165,0
DA:166,0
DA:167,0
DA:168,0
DA:176,0
DA:177,0
DA:178,0
DA:179,0
DA:180,0
DA:181,0
DA:183,0
DA:184,0
DA:186,0
DA:187,0
DA:188,0
DA:189,0
DA:191,0
DA:193,0
DA:194,0
DA:196,0
DA:197,0
DA:198,0
DA:200,0
DA:201,0
DA:202,0
DA:204,0
DA:205,0
DA:206,0
DA:208,0
DA:209,0
DA:210,0
DA:212,0
DA:213,0
DA:214,0
DA:216,0
DA:217,0
DA:218,0
DA:220,0
DA:225,0
DA:226,0
DA:229,0
DA:230,0
LF:110
LH:0
BRDA:6,0,0,0
BRDA:6,0,1,0
BRDA:6,1,0,0
BRDA:6,1,1,0
BRDA:9,2,0,0
BRDA:9,2,1,0
BRDA:12,3,0,0
BRDA:12,3,1,0
BRDA:15,4,0,0
BRDA:15,4,1,0
BRDA:29,5,0,0
BRDA:29,5,1,0
BRDA:29,5,2,0
BRDA:29,5,3,0
BRDA:29,5,4,0
BRDA:29,5,5,0
BRDA:29,5,6,0
BRDA:29,5,7,0
BRDA:29,5,8,0
BRDA:29,5,9,0
BRDA:29,5,10,0
BRDA:47,6,0,0
BRDA:47,6,1,0
BRDA:68,7,0,0
BRDA:68,7,1,0
BRDA:77,8,0,0
BRDA:77,8,1,0
BRDA:81,9,0,0
BRDA:81,9,1,0
BRDA:82,10,0,0
BRDA:82,10,1,0
BRDA:93,11,0,0
BRDA:93,11,1,0
BRDA:101,12,0,0
BRDA:101,12,1,0
BRDA:101,13,0,0
BRDA:101,13,1,0
BRDA:104,14,0,0
BRDA:104,14,1,0
BRDA:108,15,0,0
BRDA:108,15,1,0
BRDA:110,16,0,0
BRDA:110,16,1,0
BRDA:132,17,0,0
BRDA:132,17,1,0
BRDA:149,18,0,0
BRDA:150,19,0,0
BRDA:150,19,1,0
BRDA:154,20,0,0
BRDA:154,20,1,0
BRDA:165,21,0,0
BRDA:165,21,1,0
BRDA:166,22,0,0
BRDA:166,22,1,0
BRDA:179,23,0,0
BRDA:179,23,1,0
BRDA:183,24,0,0
BRDA:183,24,1,0
BRDA:183,25,0,0
BRDA:183,25,1,0
BRDA:186,26,0,0
BRDA:186,26,1,0
BRDA:191,27,0,0
BRDA:191,27,1,0
BRDA:191,28,0,0
BRDA:191,28,1,0
BRDA:194,29,0,0
BRDA:194,29,1,0
BRDA:194,29,2,0
BRDA:194,29,3,0
BRDA:194,29,4,0
BRDA:194,29,5,0
BRDA:194,29,6,0
BRDA:229,30,0,0
BRDA:229,30,1,0
BRF:75
BRH:0
end_of_record
TN:
SF:server/src/utils/detectionDataNormalizer.ts
FN:2,(anonymous_0)
FN:21,(anonymous_1)
FN:46,(anonymous_2)
FN:51,(anonymous_3)
FN:61,(anonymous_4)
FN:64,(anonymous_5)
FN:74,(anonymous_6)
FN:78,(anonymous_7)
FN:81,(anonymous_8)
FN:82,(anonymous_9)
FN:83,(anonymous_10)
FN:93,(anonymous_11)
FN:116,(anonymous_12)
FNF:13
FNH:0
FNDA:0,(anonymous_0)
FNDA:0,(anonymous_1)
FNDA:0,(anonymous_2)
FNDA:0,(anonymous_3)
FNDA:0,(anonymous_4)
FNDA:0,(anonymous_5)
FNDA:0,(anonymous_6)
FNDA:0,(anonymous_7)
FNDA:0,(anonymous_8)
FNDA:0,(anonymous_9)
FNDA:0,(anonymous_10)
FNDA:0,(anonymous_11)
FNDA:0,(anonymous_12)
DA:3,0
DA:4,0
DA:5,0
DA:6,0
DA:7,0
DA:8,0
DA:10,0
DA:22,0
DA:23,0
DA:24,0
DA:25,0
DA:26,0
DA:27,0
DA:29,0
DA:30,0
DA:33,0
DA:47,0
DA:48,0
DA:49,0
DA:51,0
DA:52,0
DA:53,0
DA:58,0
DA:59,0
DA:61,0
DA:62,0
DA:65,0
DA:66,0
DA:67,0
DA:68,0
DA:69,0
DA:70,0
DA:71,0
DA:75,0
DA:76,0
DA:79,0
DA:80,0
DA:81,0
DA:82,0
DA:83,0
DA:84,0
DA:94,0
DA:95,0
DA:105,0
DA:106,0
DA:117,0
DA:118,0
DA:127,0
DA:128,0
DA:129,0
DA:139,0
DA:140,0
LF:52
LH:0
BRDA:3,0,0,0
BRDA:3,0,1,0
BRDA:5,1,0,0
BRDA:5,1,1,0
BRDA:6,2,0,0
BRDA:6,2,1,0
BRDA:11,3,0,0
BRDA:11,3,1,0
BRDA:12,4,0,0
BRDA:12,4,1,0
BRDA:14,5,0,0
BRDA:14,5,1,0
BRDA:15,6,0,0
BRDA:15,6,1,0
BRDA:16,7,0,0
BRDA:16,7,1,0
BRDA:17,8,0,0
BRDA:17,8,1,0
BRDA:22,9,0,0
BRDA:22,9,1,0
BRDA:24,10,0,0
BRDA:24,10,1,0
BRDA:25,11,0,0
BRDA:25,11,1,0
BRDA:29,12,0,0
BRDA:29,12,1,0
BRDA:29,12,2,0
BRDA:30,13,0,0
BRDA:30,13,1,0
BRDA:34,14,0,0
BRDA:34,14,1,0
BRDA:37,15,0,0
BRDA:37,15,1,0
BRDA:39,16,0,0
BRDA:39,16,1,0
BRDA:40,17,0,0
BRDA:40,17,1,0
BRDA:41,18,0,0
BRDA:41,18,1,0
BRDA:42,19,0,0
BRDA:42,19,1,0
BRDA:47,20,0,0
BRDA:47,20,1,0
BRDA:53,21,0,0
BRDA:53,21,1,0
BRDA:65,22,0,0
BRDA:65,22,1,0
BRDA:65,23,0,0
BRDA:65,23,1,0
BRDA:71,24,0,0
BRDA:71,24,1,0
BRDA:71,24,2,0
BRDA:71,24,3,0
BRDA:71,24,4,0
BRDA:71,24,5,0
BRDA:71,24,6,0
BRDA:71,24,7,0
BRDA:76,25,0,0
BRDA:76,25,1,0
BRDA:76,25,2,0
BRDA:117,26,0,0
BRDA:117,26,1,0
BRDA:128,27,0,0
BRDA:128,27,1,0
BRDA:132,28,0,0
BRDA:132,28,1,0
BRDA:133,29,0,0
BRDA:133,29,1,0
BRDA:134,30,0,0
BRDA:134,30,1,0
BRDA:135,31,0,0
BRDA:135,31,1,0
BRF:72
BRH:0
end_of_record
TN:
SF:server/src/utils/encryption.ts
FN:12,(anonymous_0)
FN:29,(anonymous_1)
FN:40,(anonymous_2)
FN:56,(anonymous_3)
FN:64,(anonymous_4)
FN:68,(anonymous_5)
FNF:6
FNH:0
FNDA:0,(anonymous_0)
FNDA:0,(anonymous_1)
FNDA:0,(anonymous_2)
FNDA:0,(anonymous_3)
FNDA:0,(anonymous_4)
FNDA:0,(anonymous_5)
DA:5,0
DA:6,0
DA:8,0
DA:9,0
DA:10,0
DA:11,0
DA:14,0
DA:15,0
DA:16,0
DA:19,0
DA:20,0
DA:21,0
DA:22,0
DA:25,0
DA:26,0
DA:27,0
DA:30,0
DA:31,0
DA:32,0
DA:33,0
DA:34,0
DA:35,0
DA:36,0
DA:38,0
DA:41,0
DA:42,0
DA:43,0
DA:44,0
DA:46,0
DA:47,0
DA:48,0
DA:49,0
DA:50,0
DA:51,0
DA:52,0
DA:53,0
DA:54,0
DA:57,0
DA:58,0
DA:59,0
DA:65,0
DA:66,0
DA:69,0
LF:43
LH:0
BRDA:15,0,0,0
BRDA:15,0,1,0
BRDA:20,1,0,0
BRDA:20,1,1,0
BRDA:43,2,0,0
BRDA:43,2,1,0
BRDA:57,3,0,0
BRDA:57,3,1,0
BRDA:68,4,0,0
BRF:9
BRH:0
end_of_record
TN:
SF:server/src/utils/fileHash.ts
FN:9,(anonymous_0)
FN:10,(anonymous_1)
FN:13,(anonymous_2)
FN:16,(anonymous_3)
FN:19,(anonymous_4)
FN:32,(anonymous_5)
FN:42,(anonymous_6)
FNF:7
FNH:0
FNDA:0,(anonymous_0)
FNDA:0,(anonymous_1)
FNDA:0,(anonymous_2)
FNDA:0,(anonymous_3)
FNDA:0,(anonymous_4)
FNDA:0,(anonymous_5)
FNDA:0,(anonymous_6)
DA:10,0
DA:11,0
DA:12,0
DA:13,0
DA:14,0
DA:16,0
DA:17,0
DA:19,0
DA:20,0
DA:33,0
DA:34,0
DA:43,0
DA:44,0
LF:13
LH:0
BRF:0
BRH:0
end_of_record
TN:
SF:server/src/utils/logger.ts
FN:39,(anonymous_0)
FN:43,(anonymous_1)
FN:58,(anonymous_2)
FN:59,(anonymous_3)
FN:61,(anonymous_4)
FN:65,(anonymous_5)
FN:68,(anonymous_6)
FN:81,(anonymous_7)
FN:108,(anonymous_8)
FN:159,(anonymous_9)
FN:160,(anonymous_10)
FN:168,(anonymous_11)
FN:171,(anonymous_12)
FN:174,(anonymous_13)
FN:177,(anonymous_14)
FN:181,(anonymous_15)
FN:182,(anonymous_16)
FN:183,(anonymous_17)
FN:184,(anonymous_18)
FN:186,(anonymous_19)
FN:189,(anonymous_20)
FN:192,(anonymous_21)
FN:195,(anonymous_22)
FN:198,(anonymous_23)
FN:201,(anonymous_24)
FN:204,(anonymous_25)
FN:208,(anonymous_26)
FN:211,(anonymous_27)
FN:214,(anonymous_28)
FN:218,(anonymous_29)
FN:221,(anonymous_30)
FN:225,(anonymous_31)
FN:228,(anonymous_32)
FNF:33
FNH:0
FNDA:0,(anonymous_0)
FNDA:0,(anonymous_1)
FNDA:0,(anonymous_2)
FNDA:0,(anonymous_3)
FNDA:0,(anonymous_4)
FNDA:0,(anonymous_5)
FNDA:0,(anonymous_6)
FNDA:0,(anonymous_7)
FNDA:0,(anonymous_8)
FNDA:0,(anonymous_9)
FNDA:0,(anonymous_10)
FNDA:0,(anonymous_11)
FNDA:0,(anonymous_12)
FNDA:0,(anonymous_13)
FNDA:0,(anonymous_14)
FNDA:0,(anonymous_15)
FNDA:0,(anonymous_16)
FNDA:0,(anonymous_17)
FNDA:0,(anonymous_18)
FNDA:0,(anonymous_19)
FNDA:0,(anonymous_20)
FNDA:0,(anonymous_21)
FNDA:0,(anonymous_22)
FNDA:0,(anonymous_23)
FNDA:0,(anonymous_24)
FNDA:0,(anonymous_25)
FNDA:0,(anonymous_26)
FNDA:0,(anonymous_27)
FNDA:0,(anonymous_28)
FNDA:0,(anonymous_29)
FNDA:0,(anonymous_30)
FNDA:0,(anonymous_31)
FNDA:0,(anonymous_32)
DA:5,0
DA:6,0
DA:10,0
DA:11,0
DA:12,0
DA:15,0
DA:16,0
DA:17,0
DA:19,0
DA:20,0
DA:21,0
DA:22,0
DA:24,0
DA:39,0
DA:40,0
DA:41,0
DA:43,0
DA:44,0
DA:46,0
DA:47,0
DA:48,0
DA:50,0
DA:51,0
DA:52,0
DA:54,0
DA:55,0
DA:56,0
DA:57,0
DA:58,0
DA:59,0
DA:61,0
DA:62,0
DA:63,0
DA:65,0
DA:67,0
DA:68,0
DA:72,0
DA:76,0
DA:81,0
DA:82,0
DA:83,0
DA:85,0
DA:86,0
DA:92,0
DA:93,0
DA:105,0
DA:108,0
DA:110,0
DA:112,0
DA:115,0
DA:116,0
DA:118,0
DA:119,0
DA:121,0
DA:122,0
DA:125,0
DA:126,0
DA:127,0
DA:128,0
DA:129,0
DA:130,0
DA:131,0
DA:132,0
DA:133,0
DA:134,0
DA:135,0
DA:137,0
DA:138,0
DA:139,0
DA:141,0
DA:142,0
DA:144,0
DA:145,0
DA:148,0
DA:151,0
DA:153,0
DA:154,0
DA:157,0
DA:159,0
DA:160,0
DA:162,0
DA:168,0
DA:169,0
DA:171,0
DA:172,0
DA:174,0
DA:175,0
DA:177,0
DA:178,0
DA:180,0
DA:181,0
DA:182,0
DA:183,0
DA:184,0
DA:187,0
DA:190,0
DA:193,0
DA:196,0
DA:199,0
DA:202,0
DA:205,0
DA:209,0
DA:212,0
DA:215,0
DA:219,0
DA:222,0
DA:226,0
DA:229,0
LF:108
LH:0
BRDA:11,0,0,0
BRDA:11,0,1,0
BRDA:40,1,0,0
BRDA:40,1,1,0
BRDA:46,2,0,0
BRDA:46,2,1,0
BRDA:48,3,0,0
BRDA:48,3,1,0
BRDA:58,4,0,0
BRDA:58,4,1,0
BRDA:67,5,0,0
BRDA:67,5,1,0
BRDA:82,6,0,0
BRDA:82,6,1,0
BRDA:92,7,0,0
BRDA:92,7,1,0
BRDA:93,8,0,0
BRDA:93,8,1,0
BRDA:110,9,0,0
BRDA:110,9,1,0
BRDA:110,10,0,0
BRDA:110,10,1,0
BRDA:112,11,0,0
BRDA:112,11,1,0
BRDA:112,12,0,0
BRDA:112,12,1,0
BRDA:115,13,0,0
BRDA:115,13,1,0
BRDA:115,14,0,0
BRDA:115,14,1,0
BRDA:118,15,0,0
BRDA:118,15,1,0
BRDA:118,16,0,0
BRDA:118,16,1,0
BRDA:121,17,0,0
BRDA:121,17,1,0
BRDA:125,18,0,0
BRDA:125,18,1,0
BRDA:125,19,0,0
BRDA:125,19,1,0
BRDA:127,20,0,0
BRDA:127,20,1,0
BRDA:127,21,0,0
BRDA:127,21,1,0
BRDA:129,22,0,0
BRDA:129,22,1,0
BRDA:129,23,0,0
BRDA:129,23,1,0
BRDA:132,24,0,0
BRDA:132,24,1,0
BRDA:133,25,0,0
BRDA:133,25,1,0
BRDA:134,26,0,0
BRDA:134,26,1,0
BRDA:137,27,0,0
BRDA:137,27,1,0
BRDA:141,28,0,0
BRDA:141,28,1,0
BRDA:144,29,0,0
BRDA:144,29,1,0
BRDA:153,30,0,0
BRDA:153,30,1,0
BRDA:153,31,0,0
BRDA:153,31,1,0
BRDA:157,32,0,0
BRDA:157,32,1,0
BRDA:226,33,0,0
BRDA:226,33,1,0
BRF:68
BRH:0
end_of_record
TN:
SF:server/src/utils/testImageGenerator.ts
FN:1,generateTestJpegFrame
FN:5,createMinimalJpeg
FNF:2
FNH:0
FNDA:0,generateTestJpegFrame
FNDA:0,createMinimalJpeg
DA:3,0
DA:8,0
DA:9,0
DA:11,0
DA:58,0
LF:5
LH:0
BRDA:1,0,0,0
BRDA:1,1,0,0
BRF:2
BRH:0
end_of_record
